

Microchip Technology PIC18 LITE Macro Assembler V2.00 build -1524193055 
                                                                                               Wed Jan 02 18:55:53 2019

Microchip Technology Omniscient Code Generator v2.00 (Free mode) build 20180527130849
     1  0000                     
     2                           ; Version 2.00
     3                           ; Generated 27/05/2018 GMT
     4                           
     5                           ; 
     6                           ; Copyright © 2018, Microchip Technology Inc. and its subsidiaries ("Microchip")
     7                           ; All rights reserved.
     8                           ; 
     9                           ; This software is developed by Microchip Technology Inc. and its subsidiaries ("Microch
                                 ip").
    10                           ; 
    11                           ; Redistribution and use in source and binary forms, with or without modification, are
    12                           ; permitted provided that the following conditions are met:
    13                           ; 
    14                           ;     1. Redistributions of source code must retain the above copyright notice, this lis
                                 t of
    15                           ;        conditions and the following disclaimer.
    16                           ; 
    17                           ;     2. Redistributions in binary form must reproduce the above copyright notice, this 
                                 list
    18                           ;        of conditions and the following disclaimer in the documentation and/or other
    19                           ;        materials provided with the distribution.
    20                           ; 
    21                           ;     3. Microchip's name may not be used to endorse or promote products derived from th
                                 is
    22                           ;        software without specific prior written permission.
    23                           ; 
    24                           ; THIS SOFTWARE IS PROVIDED BY MICROCHIP "AS IS" AND ANY EXPRESS OR IMPLIED WARRANTIES,

    25                           ; INCLUDING, BUT NOT LIMITED TO, THE IMPLIED WARRANTIES OF MERCHANTABILITY AND FITNESS F
                                 OR
    26                           ; PURPOSE ARE DISCLAIMED.  IN NO EVENT SHALL MICROCHIP BE LIABLE FOR ANY DIRECT, INDIREC
                                 T,
    27                           ; INCIDENTAL, SPECIAL, EXEMPLARY, OR CONSEQUENTIAL DAMAGES (INCLUDING BUT NOT LIMITED TO
                                 
    28                           ; PROCUREMENT OF SUBSTITUTE GOODS OR SERVICES; LOSS OF USE, DATA OR PROFITS; OR BUSINESS
                                 
    29                           ; INTERRUPTION) HOWSOEVER CAUSED AND ON ANY THEORY OF LIABILITY, WHETHER IN CONTRACT, ST
                                 RICT
    30                           ; LIABILITY, OR TORT (INCLUDING NEGLIGENCE OR OTHERWISE) ARISING IN ANY WAY OUT OF THE U
                                 SE OF
    31                           ; THIS SOFTWARE, EVEN IF ADVISED OF THE POSSIBILITY OF SUCH DAMAGE.
    32                           ; 
    33                           
    34                           
    35                           ; 
    36                           ; Code-generator required, PIC18F4520 Definitions
    37                           ; 
    38  0000                     fsr0 equ 0FE9h
    39  0000                     fsr0h equ 0FEAh
    40  0000                     fsr0l equ 0FE9h
    41  0000                     fsr1 equ 0FE1h
    42  0000                     fsr1h equ 0FE2h
    43  0000                     fsr1l equ 0FE1h
    44  0000                     fsr2 equ 0FD9h
    45  0000                     fsr2h equ 0FDAh
    46  0000                     fsr2l equ 0FD9h
    47  0000                     indf0 equ 0FEFh
    48  0000                     indf1 equ 0FE7h
    49  0000                     indf2 equ 0FDFh
    50  0000                     intcon equ 0FF2h
    51  0000                     nvmcon equ 00h
    52  0000                     pcl equ 0FF9h
    53  0000                     pclath equ 0FFAh
    54  0000                     pclatu equ 0FFBh
    55  0000                     plusw0 equ 0FEBh
    56  0000                     plusw1 equ 0FE3h
    57  0000                     plusw2 equ 0FDBh
    58  0000                     postdec0 equ 0FEDh
    59  0000                     postdec1 equ 0FE5h
    60  0000                     postdec2 equ 0FDDh
    61  0000                     postinc0 equ 0FEEh
    62  0000                     postinc1 equ 0FE6h
    63  0000                     postinc2 equ 0FDEh
    64  0000                     preinc0 equ 0FECh
    65  0000                     preinc1 equ 0FE4h
    66  0000                     preinc2 equ 0FDCh
    67  0000                     prod equ 0FF3h
    68  0000                     prodh equ 0FF4h
    69  0000                     prodl equ 0FF3h
    70  0000                     status equ 0FD8h
    71  0000                     tablat equ 0FF5h
    72  0000                     tblptr equ 0FF6h
    73  0000                     tblptrh equ 0FF7h
    74  0000                     tblptrl equ 0FF6h
    75  0000                     tblptru equ 0FF8h
    76  0000                     tosl equ 0FFDh
    77  0000                     wreg equ 0FE8h
    78  0000                     
     2                           opt pagewidth 120
     3  0000                     byte0	macro	val
     4                           	(getbyte(val,0))
     5                           endm
     6  0000                     byte1	macro	val
     7                           	(getbyte(val,1))
     8                           endm
     9  0000                     byte2	macro	val
    10                           	(getbyte(val,2))
    11                           endm
    12  0000                     byte3	macro	val
    13                           	(getbyte(val,3))
    14                           endm
    15  0000                     byte4	macro	val
    16                           	(getbyte(val,4))
    17                           endm
    18  0000                     byte5	macro	val
    19                           	(getbyte(val,5))
    20                           endm
    21  0000                     byte6	macro	val
    22                           	(getbyte(val,6))
    23                           endm
    24  0000                     byte7	macro	val
    25                           	(getbyte(val,7))
    26                           endm
    27  0000                     getword	macro	val,pos
    28                           	(((val) >> (8 * pos)) and 0xffff)
    29                           endm
    30  0000                     word0	macro	val
    31                           	(getword(val,0))
    32                           endm
    33  0000                     word1	macro	val
    34                           	(getword(val,2))
    35                           endm
    36  0000                     word2	macro	val
    37                           	(getword(val,4))
    38                           endm
    39  0000                     word3	macro	val
    40                           	(getword(val,6))
    41                           endm
    42  0000                     gettword	macro	val,pos
    43                           	(((val) >> (8 * pos)) and 0xffffff)
    44                           endm
    45  0000                     tword0	macro	val
    46                           	(gettword(val,0))
    47                           endm
    48  0000                     tword1	macro	val
    49                           	(gettword(val,3))
    50                           endm
    51  0000                     tword2	macro	val
    52                           	(gettword(val,6))
    53                           endm
    54  0000                     getdword	macro	val,pos
    55                           	(((val) >> (8 * pos)) and 0xffffffff)
    56                           endm
    57  0000                     dword0	macro	val
    58                           	(getdword(val,0))
    59                           endm
    60  0000                     dword1	macro	val
    61                           	(getdword(val,4))
    62                           endm
    63  0000                     clrc   macro
    64                           	bcf	status,0
    65                           endm
    66  0000                     setc   macro
    67                           	bsf	status,0
    68                           endm
    69  0000                     clrz   macro
    70                           	bcf	status,2
    71                           endm
    72  0000                     setz   macro
    73                           	bsf	status,2
    74                           endm
    75  0000                     skipnz macro
    76                           	btfsc	status,2
    77                           endm
    78  0000                     skipz  macro
    79                           	btfss	status,2
    80                           endm
    81  0000                     skipnc macro
    82                           	btfsc	status,0
    83                           endm
    84  0000                     skipc  macro
    85                           	btfss	status,0
    86                           endm
    87  0000                     pushw macro
    88                           	movwf postinc1
    89                           endm
    90  0000                     pushf macro arg1
    91                           	movff arg1, postinc1
    92                           endm
    93  0000                     popw macro
    94                           	movf postdec1,f
    95                           	movf indf1,w
    96                           endm
    97  0000                     popf macro arg1
    98                           	movf postdec1,f
    99                           	movff indf1,arg1
   100                           endm
   101  0000                     popfc macro arg1
   102                           	movff plusw1,arg1
   103                           	decfsz fsr1,f
   104                           endm
   105  0000                     	global	__ramtop
   106                           	global	__accesstop
   107                           # 54 "C:\Program Files (x86)\Microchip\xc8\v2.00\pic\include\pic18f4520.h"
   108                           PORTA equ 0F80h ;# 
   109  0000                     # 273 "C:\Program Files (x86)\Microchip\xc8\v2.00\pic\include\pic18f4520.h"
   110                           PORTB equ 0F81h ;# 
   111  0000                     # 452 "C:\Program Files (x86)\Microchip\xc8\v2.00\pic\include\pic18f4520.h"
   112                           PORTC equ 0F82h ;# 
   113  0000                     # 634 "C:\Program Files (x86)\Microchip\xc8\v2.00\pic\include\pic18f4520.h"
   114                           PORTD equ 0F83h ;# 
   115  0000                     # 776 "C:\Program Files (x86)\Microchip\xc8\v2.00\pic\include\pic18f4520.h"
   116                           PORTE equ 0F84h ;# 
   117  0000                     # 979 "C:\Program Files (x86)\Microchip\xc8\v2.00\pic\include\pic18f4520.h"
   118                           LATA equ 0F89h ;# 
   119  0000                     # 1091 "C:\Program Files (x86)\Microchip\xc8\v2.00\pic\include\pic18f4520.h"
   120                           LATB equ 0F8Ah ;# 
   121  0000                     # 1203 "C:\Program Files (x86)\Microchip\xc8\v2.00\pic\include\pic18f4520.h"
   122                           LATC equ 0F8Bh ;# 
   123  0000                     # 1315 "C:\Program Files (x86)\Microchip\xc8\v2.00\pic\include\pic18f4520.h"
   124                           LATD equ 0F8Ch ;# 
   125  0000                     # 1427 "C:\Program Files (x86)\Microchip\xc8\v2.00\pic\include\pic18f4520.h"
   126                           LATE equ 0F8Dh ;# 
   127  0000                     # 1479 "C:\Program Files (x86)\Microchip\xc8\v2.00\pic\include\pic18f4520.h"
   128                           TRISA equ 0F92h ;# 
   129  0000                     # 1484 "C:\Program Files (x86)\Microchip\xc8\v2.00\pic\include\pic18f4520.h"
   130                           DDRA equ 0F92h ;# 
   131  0000                     # 1701 "C:\Program Files (x86)\Microchip\xc8\v2.00\pic\include\pic18f4520.h"
   132                           TRISB equ 0F93h ;# 
   133  0000                     # 1706 "C:\Program Files (x86)\Microchip\xc8\v2.00\pic\include\pic18f4520.h"
   134                           DDRB equ 0F93h ;# 
   135  0000                     # 1923 "C:\Program Files (x86)\Microchip\xc8\v2.00\pic\include\pic18f4520.h"
   136                           TRISC equ 0F94h ;# 
   137  0000                     # 1928 "C:\Program Files (x86)\Microchip\xc8\v2.00\pic\include\pic18f4520.h"
   138                           DDRC equ 0F94h ;# 
   139  0000                     # 2145 "C:\Program Files (x86)\Microchip\xc8\v2.00\pic\include\pic18f4520.h"
   140                           TRISD equ 0F95h ;# 
   141  0000                     # 2150 "C:\Program Files (x86)\Microchip\xc8\v2.00\pic\include\pic18f4520.h"
   142                           DDRD equ 0F95h ;# 
   143  0000                     # 2367 "C:\Program Files (x86)\Microchip\xc8\v2.00\pic\include\pic18f4520.h"
   144                           TRISE equ 0F96h ;# 
   145  0000                     # 2372 "C:\Program Files (x86)\Microchip\xc8\v2.00\pic\include\pic18f4520.h"
   146                           DDRE equ 0F96h ;# 
   147  0000                     # 2531 "C:\Program Files (x86)\Microchip\xc8\v2.00\pic\include\pic18f4520.h"
   148                           OSCTUNE equ 0F9Bh ;# 
   149  0000                     # 2596 "C:\Program Files (x86)\Microchip\xc8\v2.00\pic\include\pic18f4520.h"
   150                           PIE1 equ 0F9Dh ;# 
   151  0000                     # 2673 "C:\Program Files (x86)\Microchip\xc8\v2.00\pic\include\pic18f4520.h"
   152                           PIR1 equ 0F9Eh ;# 
   153  0000                     # 2750 "C:\Program Files (x86)\Microchip\xc8\v2.00\pic\include\pic18f4520.h"
   154                           IPR1 equ 0F9Fh ;# 
   155  0000                     # 2827 "C:\Program Files (x86)\Microchip\xc8\v2.00\pic\include\pic18f4520.h"
   156                           PIE2 equ 0FA0h ;# 
   157  0000                     # 2893 "C:\Program Files (x86)\Microchip\xc8\v2.00\pic\include\pic18f4520.h"
   158                           PIR2 equ 0FA1h ;# 
   159  0000                     # 2959 "C:\Program Files (x86)\Microchip\xc8\v2.00\pic\include\pic18f4520.h"
   160                           IPR2 equ 0FA2h ;# 
   161  0000                     # 3025 "C:\Program Files (x86)\Microchip\xc8\v2.00\pic\include\pic18f4520.h"
   162                           EECON1 equ 0FA6h ;# 
   163  0000                     # 3091 "C:\Program Files (x86)\Microchip\xc8\v2.00\pic\include\pic18f4520.h"
   164                           EECON2 equ 0FA7h ;# 
   165  0000                     # 3098 "C:\Program Files (x86)\Microchip\xc8\v2.00\pic\include\pic18f4520.h"
   166                           EEDATA equ 0FA8h ;# 
   167  0000                     # 3105 "C:\Program Files (x86)\Microchip\xc8\v2.00\pic\include\pic18f4520.h"
   168                           EEADR equ 0FA9h ;# 
   169  0000                     # 3112 "C:\Program Files (x86)\Microchip\xc8\v2.00\pic\include\pic18f4520.h"
   170                           RCSTA equ 0FABh ;# 
   171  0000                     # 3117 "C:\Program Files (x86)\Microchip\xc8\v2.00\pic\include\pic18f4520.h"
   172                           RCSTA1 equ 0FABh ;# 
   173  0000                     # 3322 "C:\Program Files (x86)\Microchip\xc8\v2.00\pic\include\pic18f4520.h"
   174                           TXSTA equ 0FACh ;# 
   175  0000                     # 3327 "C:\Program Files (x86)\Microchip\xc8\v2.00\pic\include\pic18f4520.h"
   176                           TXSTA1 equ 0FACh ;# 
   177  0000                     # 3578 "C:\Program Files (x86)\Microchip\xc8\v2.00\pic\include\pic18f4520.h"
   178                           TXREG equ 0FADh ;# 
   179  0000                     # 3583 "C:\Program Files (x86)\Microchip\xc8\v2.00\pic\include\pic18f4520.h"
   180                           TXREG1 equ 0FADh ;# 
   181  0000                     # 3590 "C:\Program Files (x86)\Microchip\xc8\v2.00\pic\include\pic18f4520.h"
   182                           RCREG equ 0FAEh ;# 
   183  0000                     # 3595 "C:\Program Files (x86)\Microchip\xc8\v2.00\pic\include\pic18f4520.h"
   184                           RCREG1 equ 0FAEh ;# 
   185  0000                     # 3602 "C:\Program Files (x86)\Microchip\xc8\v2.00\pic\include\pic18f4520.h"
   186                           SPBRG equ 0FAFh ;# 
   187  0000                     # 3607 "C:\Program Files (x86)\Microchip\xc8\v2.00\pic\include\pic18f4520.h"
   188                           SPBRG1 equ 0FAFh ;# 
   189  0000                     # 3614 "C:\Program Files (x86)\Microchip\xc8\v2.00\pic\include\pic18f4520.h"
   190                           SPBRGH equ 0FB0h ;# 
   191  0000                     # 3621 "C:\Program Files (x86)\Microchip\xc8\v2.00\pic\include\pic18f4520.h"
   192                           T3CON equ 0FB1h ;# 
   193  0000                     # 3733 "C:\Program Files (x86)\Microchip\xc8\v2.00\pic\include\pic18f4520.h"
   194                           TMR3 equ 0FB2h ;# 
   195  0000                     # 3740 "C:\Program Files (x86)\Microchip\xc8\v2.00\pic\include\pic18f4520.h"
   196                           TMR3L equ 0FB2h ;# 
   197  0000                     # 3747 "C:\Program Files (x86)\Microchip\xc8\v2.00\pic\include\pic18f4520.h"
   198                           TMR3H equ 0FB3h ;# 
   199  0000                     # 3754 "C:\Program Files (x86)\Microchip\xc8\v2.00\pic\include\pic18f4520.h"
   200                           CMCON equ 0FB4h ;# 
   201  0000                     # 3844 "C:\Program Files (x86)\Microchip\xc8\v2.00\pic\include\pic18f4520.h"
   202                           CVRCON equ 0FB5h ;# 
   203  0000                     # 3923 "C:\Program Files (x86)\Microchip\xc8\v2.00\pic\include\pic18f4520.h"
   204                           ECCP1AS equ 0FB6h ;# 
   205  0000                     # 3928 "C:\Program Files (x86)\Microchip\xc8\v2.00\pic\include\pic18f4520.h"
   206                           ECCPAS equ 0FB6h ;# 
   207  0000                     # 4085 "C:\Program Files (x86)\Microchip\xc8\v2.00\pic\include\pic18f4520.h"
   208                           PWM1CON equ 0FB7h ;# 
   209  0000                     # 4090 "C:\Program Files (x86)\Microchip\xc8\v2.00\pic\include\pic18f4520.h"
   210                           ECCP1DEL equ 0FB7h ;# 
   211  0000                     # 4223 "C:\Program Files (x86)\Microchip\xc8\v2.00\pic\include\pic18f4520.h"
   212                           BAUDCON equ 0FB8h ;# 
   213  0000                     # 4228 "C:\Program Files (x86)\Microchip\xc8\v2.00\pic\include\pic18f4520.h"
   214                           BAUDCTL equ 0FB8h ;# 
   215  0000                     # 4403 "C:\Program Files (x86)\Microchip\xc8\v2.00\pic\include\pic18f4520.h"
   216                           CCP2CON equ 0FBAh ;# 
   217  0000                     # 4482 "C:\Program Files (x86)\Microchip\xc8\v2.00\pic\include\pic18f4520.h"
   218                           CCPR2 equ 0FBBh ;# 
   219  0000                     # 4489 "C:\Program Files (x86)\Microchip\xc8\v2.00\pic\include\pic18f4520.h"
   220                           CCPR2L equ 0FBBh ;# 
   221  0000                     # 4496 "C:\Program Files (x86)\Microchip\xc8\v2.00\pic\include\pic18f4520.h"
   222                           CCPR2H equ 0FBCh ;# 
   223  0000                     # 4503 "C:\Program Files (x86)\Microchip\xc8\v2.00\pic\include\pic18f4520.h"
   224                           CCP1CON equ 0FBDh ;# 
   225  0000                     # 4600 "C:\Program Files (x86)\Microchip\xc8\v2.00\pic\include\pic18f4520.h"
   226                           CCPR1 equ 0FBEh ;# 
   227  0000                     # 4607 "C:\Program Files (x86)\Microchip\xc8\v2.00\pic\include\pic18f4520.h"
   228                           CCPR1L equ 0FBEh ;# 
   229  0000                     # 4614 "C:\Program Files (x86)\Microchip\xc8\v2.00\pic\include\pic18f4520.h"
   230                           CCPR1H equ 0FBFh ;# 
   231  0000                     # 4621 "C:\Program Files (x86)\Microchip\xc8\v2.00\pic\include\pic18f4520.h"
   232                           ADCON2 equ 0FC0h ;# 
   233  0000                     # 4692 "C:\Program Files (x86)\Microchip\xc8\v2.00\pic\include\pic18f4520.h"
   234                           ADCON1 equ 0FC1h ;# 
   235  0000                     # 4777 "C:\Program Files (x86)\Microchip\xc8\v2.00\pic\include\pic18f4520.h"
   236                           ADCON0 equ 0FC2h ;# 
   237  0000                     # 4896 "C:\Program Files (x86)\Microchip\xc8\v2.00\pic\include\pic18f4520.h"
   238                           ADRES equ 0FC3h ;# 
   239  0000                     # 4903 "C:\Program Files (x86)\Microchip\xc8\v2.00\pic\include\pic18f4520.h"
   240                           ADRESL equ 0FC3h ;# 
   241  0000                     # 4910 "C:\Program Files (x86)\Microchip\xc8\v2.00\pic\include\pic18f4520.h"
   242                           ADRESH equ 0FC4h ;# 
   243  0000                     # 4917 "C:\Program Files (x86)\Microchip\xc8\v2.00\pic\include\pic18f4520.h"
   244                           SSPCON2 equ 0FC5h ;# 
   245  0000                     # 5012 "C:\Program Files (x86)\Microchip\xc8\v2.00\pic\include\pic18f4520.h"
   246                           SSPCON1 equ 0FC6h ;# 
   247  0000                     # 5082 "C:\Program Files (x86)\Microchip\xc8\v2.00\pic\include\pic18f4520.h"
   248                           SSPSTAT equ 0FC7h ;# 
   249  0000                     # 5303 "C:\Program Files (x86)\Microchip\xc8\v2.00\pic\include\pic18f4520.h"
   250                           SSPADD equ 0FC8h ;# 
   251  0000                     # 5310 "C:\Program Files (x86)\Microchip\xc8\v2.00\pic\include\pic18f4520.h"
   252                           SSPBUF equ 0FC9h ;# 
   253  0000                     # 5317 "C:\Program Files (x86)\Microchip\xc8\v2.00\pic\include\pic18f4520.h"
   254                           T2CON equ 0FCAh ;# 
   255  0000                     # 5415 "C:\Program Files (x86)\Microchip\xc8\v2.00\pic\include\pic18f4520.h"
   256                           PR2 equ 0FCBh ;# 
   257  0000                     # 5420 "C:\Program Files (x86)\Microchip\xc8\v2.00\pic\include\pic18f4520.h"
   258                           MEMCON equ 0FCBh ;# 
   259  0000                     # 5525 "C:\Program Files (x86)\Microchip\xc8\v2.00\pic\include\pic18f4520.h"
   260                           TMR2 equ 0FCCh ;# 
   261  0000                     # 5532 "C:\Program Files (x86)\Microchip\xc8\v2.00\pic\include\pic18f4520.h"
   262                           T1CON equ 0FCDh ;# 
   263  0000                     # 5635 "C:\Program Files (x86)\Microchip\xc8\v2.00\pic\include\pic18f4520.h"
   264                           TMR1 equ 0FCEh ;# 
   265  0000                     # 5642 "C:\Program Files (x86)\Microchip\xc8\v2.00\pic\include\pic18f4520.h"
   266                           TMR1L equ 0FCEh ;# 
   267  0000                     # 5649 "C:\Program Files (x86)\Microchip\xc8\v2.00\pic\include\pic18f4520.h"
   268                           TMR1H equ 0FCFh ;# 
   269  0000                     # 5656 "C:\Program Files (x86)\Microchip\xc8\v2.00\pic\include\pic18f4520.h"
   270                           RCON equ 0FD0h ;# 
   271  0000                     # 5789 "C:\Program Files (x86)\Microchip\xc8\v2.00\pic\include\pic18f4520.h"
   272                           WDTCON equ 0FD1h ;# 
   273  0000                     # 5817 "C:\Program Files (x86)\Microchip\xc8\v2.00\pic\include\pic18f4520.h"
   274                           HLVDCON equ 0FD2h ;# 
   275  0000                     # 5822 "C:\Program Files (x86)\Microchip\xc8\v2.00\pic\include\pic18f4520.h"
   276                           LVDCON equ 0FD2h ;# 
   277  0000                     # 6087 "C:\Program Files (x86)\Microchip\xc8\v2.00\pic\include\pic18f4520.h"
   278                           OSCCON equ 0FD3h ;# 
   279  0000                     # 6170 "C:\Program Files (x86)\Microchip\xc8\v2.00\pic\include\pic18f4520.h"
   280                           T0CON equ 0FD5h ;# 
   281  0000                     # 6253 "C:\Program Files (x86)\Microchip\xc8\v2.00\pic\include\pic18f4520.h"
   282                           TMR0 equ 0FD6h ;# 
   283  0000                     # 6260 "C:\Program Files (x86)\Microchip\xc8\v2.00\pic\include\pic18f4520.h"
   284                           TMR0L equ 0FD6h ;# 
   285  0000                     # 6267 "C:\Program Files (x86)\Microchip\xc8\v2.00\pic\include\pic18f4520.h"
   286                           TMR0H equ 0FD7h ;# 
   287  0000                     # 6274 "C:\Program Files (x86)\Microchip\xc8\v2.00\pic\include\pic18f4520.h"
   288                           STATUS equ 0FD8h ;# 
   289  0000                     # 6345 "C:\Program Files (x86)\Microchip\xc8\v2.00\pic\include\pic18f4520.h"
   290                           FSR2 equ 0FD9h ;# 
   291  0000                     # 6352 "C:\Program Files (x86)\Microchip\xc8\v2.00\pic\include\pic18f4520.h"
   292                           FSR2L equ 0FD9h ;# 
   293  0000                     # 6359 "C:\Program Files (x86)\Microchip\xc8\v2.00\pic\include\pic18f4520.h"
   294                           FSR2H equ 0FDAh ;# 
   295  0000                     # 6366 "C:\Program Files (x86)\Microchip\xc8\v2.00\pic\include\pic18f4520.h"
   296                           PLUSW2 equ 0FDBh ;# 
   297  0000                     # 6373 "C:\Program Files (x86)\Microchip\xc8\v2.00\pic\include\pic18f4520.h"
   298                           PREINC2 equ 0FDCh ;# 
   299  0000                     # 6380 "C:\Program Files (x86)\Microchip\xc8\v2.00\pic\include\pic18f4520.h"
   300                           POSTDEC2 equ 0FDDh ;# 
   301  0000                     # 6387 "C:\Program Files (x86)\Microchip\xc8\v2.00\pic\include\pic18f4520.h"
   302                           POSTINC2 equ 0FDEh ;# 
   303  0000                     # 6394 "C:\Program Files (x86)\Microchip\xc8\v2.00\pic\include\pic18f4520.h"
   304                           INDF2 equ 0FDFh ;# 
   305  0000                     # 6401 "C:\Program Files (x86)\Microchip\xc8\v2.00\pic\include\pic18f4520.h"
   306                           BSR equ 0FE0h ;# 
   307  0000                     # 6408 "C:\Program Files (x86)\Microchip\xc8\v2.00\pic\include\pic18f4520.h"
   308                           FSR1 equ 0FE1h ;# 
   309  0000                     # 6415 "C:\Program Files (x86)\Microchip\xc8\v2.00\pic\include\pic18f4520.h"
   310                           FSR1L equ 0FE1h ;# 
   311  0000                     # 6422 "C:\Program Files (x86)\Microchip\xc8\v2.00\pic\include\pic18f4520.h"
   312                           FSR1H equ 0FE2h ;# 
   313  0000                     # 6429 "C:\Program Files (x86)\Microchip\xc8\v2.00\pic\include\pic18f4520.h"
   314                           PLUSW1 equ 0FE3h ;# 
   315  0000                     # 6436 "C:\Program Files (x86)\Microchip\xc8\v2.00\pic\include\pic18f4520.h"
   316                           PREINC1 equ 0FE4h ;# 
   317  0000                     # 6443 "C:\Program Files (x86)\Microchip\xc8\v2.00\pic\include\pic18f4520.h"
   318                           POSTDEC1 equ 0FE5h ;# 
   319  0000                     # 6450 "C:\Program Files (x86)\Microchip\xc8\v2.00\pic\include\pic18f4520.h"
   320                           POSTINC1 equ 0FE6h ;# 
   321  0000                     # 6457 "C:\Program Files (x86)\Microchip\xc8\v2.00\pic\include\pic18f4520.h"
   322                           INDF1 equ 0FE7h ;# 
   323  0000                     # 6464 "C:\Program Files (x86)\Microchip\xc8\v2.00\pic\include\pic18f4520.h"
   324                           WREG equ 0FE8h ;# 
   325  0000                     # 6476 "C:\Program Files (x86)\Microchip\xc8\v2.00\pic\include\pic18f4520.h"
   326                           FSR0 equ 0FE9h ;# 
   327  0000                     # 6483 "C:\Program Files (x86)\Microchip\xc8\v2.00\pic\include\pic18f4520.h"
   328                           FSR0L equ 0FE9h ;# 
   329  0000                     # 6490 "C:\Program Files (x86)\Microchip\xc8\v2.00\pic\include\pic18f4520.h"
   330                           FSR0H equ 0FEAh ;# 
   331  0000                     # 6497 "C:\Program Files (x86)\Microchip\xc8\v2.00\pic\include\pic18f4520.h"
   332                           PLUSW0 equ 0FEBh ;# 
   333  0000                     # 6504 "C:\Program Files (x86)\Microchip\xc8\v2.00\pic\include\pic18f4520.h"
   334                           PREINC0 equ 0FECh ;# 
   335  0000                     # 6511 "C:\Program Files (x86)\Microchip\xc8\v2.00\pic\include\pic18f4520.h"
   336                           POSTDEC0 equ 0FEDh ;# 
   337  0000                     # 6518 "C:\Program Files (x86)\Microchip\xc8\v2.00\pic\include\pic18f4520.h"
   338                           POSTINC0 equ 0FEEh ;# 
   339  0000                     # 6525 "C:\Program Files (x86)\Microchip\xc8\v2.00\pic\include\pic18f4520.h"
   340                           INDF0 equ 0FEFh ;# 
   341  0000                     # 6532 "C:\Program Files (x86)\Microchip\xc8\v2.00\pic\include\pic18f4520.h"
   342                           INTCON3 equ 0FF0h ;# 
   343  0000                     # 6624 "C:\Program Files (x86)\Microchip\xc8\v2.00\pic\include\pic18f4520.h"
   344                           INTCON2 equ 0FF1h ;# 
   345  0000                     # 6694 "C:\Program Files (x86)\Microchip\xc8\v2.00\pic\include\pic18f4520.h"
   346                           INTCON equ 0FF2h ;# 
   347  0000                     # 6811 "C:\Program Files (x86)\Microchip\xc8\v2.00\pic\include\pic18f4520.h"
   348                           PROD equ 0FF3h ;# 
   349  0000                     # 6818 "C:\Program Files (x86)\Microchip\xc8\v2.00\pic\include\pic18f4520.h"
   350                           PRODL equ 0FF3h ;# 
   351  0000                     # 6825 "C:\Program Files (x86)\Microchip\xc8\v2.00\pic\include\pic18f4520.h"
   352                           PRODH equ 0FF4h ;# 
   353  0000                     # 6832 "C:\Program Files (x86)\Microchip\xc8\v2.00\pic\include\pic18f4520.h"
   354                           TABLAT equ 0FF5h ;# 
   355  0000                     # 6841 "C:\Program Files (x86)\Microchip\xc8\v2.00\pic\include\pic18f4520.h"
   356                           TBLPTR equ 0FF6h ;# 
   357  0000                     # 6848 "C:\Program Files (x86)\Microchip\xc8\v2.00\pic\include\pic18f4520.h"
   358                           TBLPTRL equ 0FF6h ;# 
   359  0000                     # 6855 "C:\Program Files (x86)\Microchip\xc8\v2.00\pic\include\pic18f4520.h"
   360                           TBLPTRH equ 0FF7h ;# 
   361  0000                     # 6862 "C:\Program Files (x86)\Microchip\xc8\v2.00\pic\include\pic18f4520.h"
   362                           TBLPTRU equ 0FF8h ;# 
   363  0000                     # 6871 "C:\Program Files (x86)\Microchip\xc8\v2.00\pic\include\pic18f4520.h"
   364                           PCLAT equ 0FF9h ;# 
   365  0000                     # 6878 "C:\Program Files (x86)\Microchip\xc8\v2.00\pic\include\pic18f4520.h"
   366                           PC equ 0FF9h ;# 
   367  0000                     # 6885 "C:\Program Files (x86)\Microchip\xc8\v2.00\pic\include\pic18f4520.h"
   368                           PCL equ 0FF9h ;# 
   369  0000                     # 6892 "C:\Program Files (x86)\Microchip\xc8\v2.00\pic\include\pic18f4520.h"
   370                           PCLATH equ 0FFAh ;# 
   371  0000                     # 6899 "C:\Program Files (x86)\Microchip\xc8\v2.00\pic\include\pic18f4520.h"
   372                           PCLATU equ 0FFBh ;# 
   373  0000                     # 6906 "C:\Program Files (x86)\Microchip\xc8\v2.00\pic\include\pic18f4520.h"
   374                           STKPTR equ 0FFCh ;# 
   375  0000                     # 6980 "C:\Program Files (x86)\Microchip\xc8\v2.00\pic\include\pic18f4520.h"
   376                           TOS equ 0FFDh ;# 
   377  0000                     # 6987 "C:\Program Files (x86)\Microchip\xc8\v2.00\pic\include\pic18f4520.h"
   378                           TOSL equ 0FFDh ;# 
   379  0000                     # 6994 "C:\Program Files (x86)\Microchip\xc8\v2.00\pic\include\pic18f4520.h"
   380                           TOSH equ 0FFEh ;# 
   381  0000                     # 7001 "C:\Program Files (x86)\Microchip\xc8\v2.00\pic\include\pic18f4520.h"
   382                           TOSU equ 0FFFh ;# 
   383  0000                     	FNCALL	_main,_PWM1_Duty
   384                           	FNCALL	_main,_PWM1_Init
   385                           	FNCALL	_main,_PWM1_Start
   386                           	FNROOT	_main
   387                           	global	_LATAbits
   388                           _LATAbits	set	0xF89
   389  0000                     	global	_LATA
   390                           _LATA	set	0xF89
   391  0000                     	global	_TRISDbits
   392                           _TRISDbits	set	0xF95
   393  0000                     	global	_TRISCbits
   394                           _TRISCbits	set	0xF94
   395  0000                     	global	_TRISAbits
   396                           _TRISAbits	set	0xF92
   397  0000                     	global	_TRISA
   398                           _TRISA	set	0xF92
   399  0000                     	global	_RD1
   400                           _RD1	set	0x7C19
   401  0000                     	global	_RD0
   402                           _RD0	set	0x7C18
   403  0000                     	global	_PWM1CONbits
   404                           _PWM1CONbits	set	0xFB7
   405  0000                     	global	_OSCCONbits
   406                           _OSCCONbits	set	0xFD3
   407  0000                     	global	_T2CONbits
   408                           _T2CONbits	set	0xFCA
   409  0000                     	global	_CCPR1L
   410                           _CCPR1L	set	0xFBE
   411  0000                     	global	_CCP1CONbits
   412                           _CCP1CONbits	set	0xFBD
   413  0000                     	global	_PR2
   414                           _PR2	set	0xFCB
   415  0000                     ; #config settings
   416                           global __CFG_OSC$INTIO67
   417                           __CFG_OSC$INTIO67 equ 0x0
   418  0000                     global __CFG_PWRT$OFF
   419                           __CFG_PWRT$OFF equ 0x0
   420  0000                     global __CFG_BOREN$ON
   421                           __CFG_BOREN$ON equ 0x0
   422  0000                     global __CFG_WDT$OFF
   423                           __CFG_WDT$OFF equ 0x0
   424  0000                     global __CFG_LVP$OFF
   425                           __CFG_LVP$OFF equ 0x0
   426  0000                     global __CFG_CPD$OFF
   427                           __CFG_CPD$OFF equ 0x0
   428  0000                     	file	"C:\Users\wayne\AppData\Local\Temp\s6t8."
   429                           	line	#
   430                           psect	cinit,class=CODE,delta=1,reloc=2
   431                           global __pcinit
   432                           __pcinit:
   433  007C1E                     global start_initialization
   434                           start_initialization:
   435  007C1E                     
   436                           global __initialization
   437                           __initialization:
   438  007C1E                     psect cinit,class=CODE,delta=1
   439                           global end_of_initialization,__end_of__initialization
   440                           
   441                           ;End of C runtime variable initialization code
   442                           
   443                           end_of_initialization:
   444  007C1E                     __end_of__initialization:
   445  007C1E                     movlb 0
   446  007C1E  0100               goto _main	;jump to C main() function
   447  007C20  EF3B  F03E         psect	cstackCOMRAM,class=COMRAM,space=1,noexec
   448                           global __pcstackCOMRAM
   449                           __pcstackCOMRAM:
   450  000001                     ?_PWM1_Init:	; 1 bytes @ 0x0
   451  000001                     ?_PWM1_Duty:	; 1 bytes @ 0x0
   452  000001                     ?_PWM1_Start:	; 1 bytes @ 0x0
   453  000001                     ??_PWM1_Start:	; 1 bytes @ 0x0
   454  000001                     ?_main:	; 1 bytes @ 0x0
   455  000001                     	global	PWM1_Duty@duty
   456                           PWM1_Duty@duty:	; 2 bytes @ 0x0
   457  000001                     	global	PWM1_Init@setDuty
   458                           PWM1_Init@setDuty:	; 4 bytes @ 0x0
   459  000001                     	ds   2
   460  000001                     ??_PWM1_Duty:	; 1 bytes @ 0x2
   461  000003                     	ds   2
   462  000003                     ??_PWM1_Init:	; 1 bytes @ 0x4
   463  000005                     ??_main:	; 1 bytes @ 0x4
   464  000005                     	global	main@flag
   465                           main@flag:	; 2 bytes @ 0x4
   466  000005                     	ds   2
   467  000005                     	global	main@k
   468                           main@k:	; 2 bytes @ 0x6
   469  000007                     	ds   2
   470  000007                     	global	main@i
   471                           main@i:	; 2 bytes @ 0x8
   472  000009                     	ds   2
   473  000009                     	global	main@j
   474                           main@j:	; 2 bytes @ 0xA
   475  00000B                     	ds   2
   476  00000B                     ;!
   477                           ;!Data Sizes:
   478                           ;!    Strings     0
   479                           ;!    Constant    0
   480                           ;!    Data        0
   481                           ;!    BSS         0
   482                           ;!    Persistent  0
   483                           ;!    Stack       0
   484                           ;!
   485                           ;!Auto Spaces:
   486                           ;!    Space          Size  Autos    Used
   487                           ;!    COMRAM          127     12      12
   488                           ;!    BANK0           128      0       0
   489                           ;!    BANK1           256      0       0
   490                           ;!    BANK2           256      0       0
   491                           ;!    BANK3           256      0       0
   492                           ;!    BANK4           256      0       0
   493                           ;!    BANK5           244      0       0
   494                           
   495                           ;!
   496                           ;!Pointer List with Targets:
   497                           ;!
   498                           ;!    None.
   499                           
   500                           
   501                           ;!
   502                           ;!Critical Paths under _main in COMRAM
   503                           ;!
   504                           ;!    _main->_PWM1_Duty
   505                           ;!    _main->_PWM1_Init
   506                           ;!
   507                           ;!Critical Paths under _main in BANK0
   508                           ;!
   509                           ;!    None.
   510                           ;!
   511                           ;!Critical Paths under _main in BANK1
   512                           ;!
   513                           ;!    None.
   514                           ;!
   515                           ;!Critical Paths under _main in BANK2
   516                           ;!
   517                           ;!    None.
   518                           ;!
   519                           ;!Critical Paths under _main in BANK3
   520                           ;!
   521                           ;!    None.
   522                           ;!
   523                           ;!Critical Paths under _main in BANK4
   524                           ;!
   525                           ;!    None.
   526                           ;!
   527                           ;!Critical Paths under _main in BANK5
   528                           ;!
   529                           ;!    None.
   530                           
   531 ;;
   532 ;;Main: autosize = 0, tempsize = 0, incstack = 0, save=0
   533 ;;
   534                           
   535                           ;!
   536                           ;!Call Graph Tables:
   537                           ;!
   538                           ;! ---------------------------------------------------------------------------------
   539                           ;! (Depth) Function   	        Calls       Base Space   Used Autos Params    Refs
   540                           ;! ---------------------------------------------------------------------------------
   541                           ;! (0) _main                                                 8     8      0     618
   542                           ;!                                              4 COMRAM     8     8      0
   543                           ;!                          _PWM1_Duty
   544                           ;!                          _PWM1_Init
   545                           ;!                         _PWM1_Start
   546                           ;! ---------------------------------------------------------------------------------
   547                           ;! (1) _PWM1_Start                                           0     0      0       0
   548                           ;! ---------------------------------------------------------------------------------
   549                           ;! (1) _PWM1_Init                                            4     0      4     250
   550                           ;!                                              0 COMRAM     4     0      4
   551                           ;! ---------------------------------------------------------------------------------
   552                           ;! (1) _PWM1_Duty                                            4     2      2     272
   553                           ;!                                              0 COMRAM     4     2      2
   554                           ;! ---------------------------------------------------------------------------------
   555                           ;! Estimated maximum stack depth 1
   556                           ;! ---------------------------------------------------------------------------------
   557                           ;!
   558                           ;! Call Graph Graphs:
   559                           ;!
   560                           ;! _main (ROOT)
   561                           ;!   _PWM1_Duty
   562                           ;!   _PWM1_Init
   563                           ;!   _PWM1_Start
   564                           ;!
   565                           
   566                           ;! Address spaces:
   567                           
   568                           ;!Name               Size   Autos  Total    Cost      Usage
   569                           ;!BITCOMRAM           7F      0       0       0        0.0%
   570                           ;!EEDATA             100      0       0       0        0.0%
   571                           ;!NULL                 0      0       0       0        0.0%
   572                           ;!CODE                 0      0       0       0        0.0%
   573                           ;!COMRAM              7F      C       C       1        9.4%
   574                           ;!STACK                0      0       0       2        0.0%
   575                           ;!BITBANK0            80      0       0       3        0.0%
   576                           ;!BANK0               80      0       0       4        0.0%
   577                           ;!BITBANK1           100      0       0       5        0.0%
   578                           ;!BANK1              100      0       0       6        0.0%
   579                           ;!BITBANK2           100      0       0       7        0.0%
   580                           ;!BANK2              100      0       0       8        0.0%
   581                           ;!BITBANK3           100      0       0       9        0.0%
   582                           ;!BANK3              100      0       0      10        0.0%
   583                           ;!BITBANK4           100      0       0      11        0.0%
   584                           ;!BANK4              100      0       0      12        0.0%
   585                           ;!BANK5               F4      0       0      13        0.0%
   586                           ;!ABS                  0      0       0      14        0.0%
   587                           ;!BITBANK5            F4      0       0      15        0.0%
   588                           ;!BIGRAM             5F3      0       0      16        0.0%
   589                           ;!DATA                 0      0       0      17        0.0%
   590                           ;!BITSFR_5             0      0       0     200        0.0%
   591                           ;!SFR_5                0      0       0     200        0.0%
   592                           ;!BITSFR_4             0      0       0     200        0.0%
   593                           ;!SFR_4                0      0       0     200        0.0%
   594                           ;!BITSFR_3             0      0       0     200        0.0%
   595                           ;!SFR_3                0      0       0     200        0.0%
   596                           ;!BITSFR_2             0      0       0     200        0.0%
   597                           ;!SFR_2                0      0       0     200        0.0%
   598                           ;!BITSFR_1             0      0       0     200        0.0%
   599                           ;!SFR_1                0      0       0     200        0.0%
   600                           ;!BITSFR               0      0       0     200        0.0%
   601                           ;!SFR                  0      0       0     200        0.0%
   602                           
   603                           	global	_main
   604                           
   605 ;; *************** function _main *****************
   606 ;; Defined at:
   607 ;;		line 76 in file "motor2.c"
   608 ;; Parameters:    Size  Location     Type
   609 ;;		None
   610 ;; Auto vars:     Size  Location     Type
   611 ;;  j               2   10[COMRAM] int 
   612 ;;  i               2    8[COMRAM] int 
   613 ;;  k               2    6[COMRAM] int 
   614 ;;  flag            2    4[COMRAM] int 
   615 ;; Return value:  Size  Location     Type
   616 ;;                  1    wreg      void 
   617 ;; Registers used:
   618 ;;		wreg, status,2, status,0, cstack
   619 ;; Tracked objects:
   620 ;;		On entry : 0/0
   621 ;;		On exit  : 0/0
   622 ;;		Unchanged: 0/0
   623 ;; Data sizes:     COMRAM   BANK0   BANK1   BANK2   BANK3   BANK4   BANK5
   624 ;;      Params:         0       0       0       0       0       0       0
   625 ;;      Locals:         8       0       0       0       0       0       0
   626 ;;      Temps:          0       0       0       0       0       0       0
   627 ;;      Totals:         8       0       0       0       0       0       0
   628 ;;Total ram usage:        8 bytes
   629 ;; Hardware stack levels required when called:    1
   630 ;; This function calls:
   631 ;;		_PWM1_Duty
   632 ;;		_PWM1_Init
   633 ;;		_PWM1_Start
   634 ;; This function is called by:
   635 ;;		Startup code after reset
   636 ;; This function uses a non-reentrant model
   637 ;;
   638                           psect	text0,class=CODE,space=0,reloc=2,group=0
   639                           	file	"motor2.c"
   640                           	line	76
   641                           global __ptext0
   642                           __ptext0:
   643  007C76                     psect	text0
   644                           	file	"motor2.c"
   645                           	line	76
   646                           	global	__size_of_main
   647                           	__size_of_main	equ	__end_of_main-_main
   648  0000                     	
   649                           _main:
   650  007C76                     ;incstack = 0
   651                           	opt	stack 30
   652                           	line	78
   653                           	
   654                           l792:
   655  007C76                     ;motor2.c: 78:                 PWM1_Init(225);
   656                           	movlw	low(09Bh)
   657  007C76  0E9B               	movwf	((c:PWM1_Init@setDuty)),c
   658  007C78  6E01               	movlw	high(09Bh)
   659  007C7A  0E00               	movwf	((c:PWM1_Init@setDuty+1)),c
   660  007C7C  6E02               	movlw	low highword(09Bh)
   661  007C7E  0E00               	movwf	((c:PWM1_Init@setDuty+2)),c
   662  007C80  6E03               	movlw	high highword(09Bh)
   663  007C82  0E00               	movwf	((c:PWM1_Init@setDuty+3)),c
   664  007C84  6E04               	call	_PWM1_Init	;wreg free
   665  007C86  EC0C  F03E         	line	79
   666                           	
   667                           l794:
   668  007C8A                     ;motor2.c: 79:                 i=i+1;
   669                           	call	_PWM1_Start	;wreg free
   670  007C8A  EC12  F03E         	line	80
   671                           ;motor2.c: 80:                 PWM1_Duty(200);
   672                           	movlw	high(0)
   673  007C8E  0E00               	movwf	((c:main@i+1)),c
   674  007C90  6E0A               	movlw	low(0)
   675  007C92  0E00               	movwf	((c:main@i)),c
   676  007C94  6E09               	movlw	high(0)
   677  007C96  0E00               	movwf	((c:main@j+1)),c
   678  007C98  6E0C               	movlw	low(0)
   679  007C9A  0E00               	movwf	((c:main@j)),c
   680  007C9C  6E0B               	movlw	high(0)
   681  007C9E  0E00               	movwf	((c:main@flag+1)),c
   682  007CA0  6E06               	movlw	low(0)
   683  007CA2  0E00               	movwf	((c:main@flag)),c
   684  007CA4  6E05               	line	82
   685                           	
   686                           l796:
   687  007CA6                     ;motor2.c: 82:                 if(i == 255)
   688                           	bsf	((c:3989)),c,0	;volatile
   689  007CA6  8095               	line	83
   690                           	
   691                           l798:
   692  007CA8                     ;motor2.c: 83:                     i = 0;
   693                           	bsf	((c:3989)),c,1	;volatile
   694  007CA8  8295               	line	87
   695                           ;motor2.c: 87:             LATAbits.LATA1 = 1;
   696                           	movlw	low(0)
   697  007CAA  0E00               	movwf	((c:3986)),c	;volatile
   698  007CAC  6E92               	line	88
   699                           ;motor2.c: 88:             PWM1_Init(250);
   700                           	movlw	low(0)
   701  007CAE  0E00               	movwf	((c:3977)),c	;volatile
   702  007CB0  6E89               	line	90
   703                           ;motor2.c: 90:         }
   704                           	movlw	high(0)
   705  007CB2  0E00               	movwf	((c:main@k+1)),c
   706  007CB4  6E08               	movlw	low(0)
   707  007CB6  0E00               	movwf	((c:main@k)),c
   708  007CB8  6E07               	goto	l800
   709  007CBA  EF5F  F03E         	line	91
   710                           ;motor2.c: 91:         else
   711                           	
   712                           l45:
   713  007CBE                     	line	93
   714                           	
   715                           l800:
   716  007CBE                     ;motor2.c: 92:         {;motor2.c: 93:             PWM1_Duty(0);
   717                           	btfsc	c:(31768/8),(31768)&7	;volatile
   718  007CBE  B083               	goto	u101
   719  007CC0  EF64  F03E         	goto	u100
   720  007CC4  EF66  F03E         u101:
   721  007CC8                     	goto	l822
   722  007CC8  EFB6  F03E         u100:
   723  007CCC                     	line	96
   724                           	
   725                           l802:
   726  007CCC                     ;motor2.c: 94:             LATA = 0;;motor2.c: 96:     }
   727                           	bsf	((c:3977)),c,0	;volatile
   728  007CCC  8089               	line	97
   729                           	
   730                           l804:
   731  007CCE                     ;motor2.c: 97: }
   732                           	movlw	low(0E1h)
   733  007CCE  0EE1               	movwf	((c:PWM1_Init@setDuty)),c
   734  007CD0  6E01               	movlw	high(0E1h)
   735  007CD2  0E00               	movwf	((c:PWM1_Init@setDuty+1)),c
   736  007CD4  6E02               	movlw	low highword(0E1h)
   737  007CD6  0E00               	movwf	((c:PWM1_Init@setDuty+2)),c
   738  007CD8  6E03               	movlw	high highword(0E1h)
   739  007CDA  0E00               	movwf	((c:PWM1_Init@setDuty+3)),c
   740  007CDC  6E04               	call	_PWM1_Init	;wreg free
   741  007CDE  EC0C  F03E         	line	98
   742                           	
   743                           l806:
   744  007CE2                     	movlw	low(01h)
   745  007CE2  0E01               	addwf	((c:main@i)),c,w
   746  007CE4  2409               	movwf	((c:main@i)),c
   747  007CE6  6E09               	movlw	high(01h)
   748  007CE8  0E00               	addwfc	((c:main@i+1)),c,w
   749  007CEA  200A               	movwf	1+((c:main@i)),c
   750  007CEC  6E0A               	line	99
   751                           	
   752                           l808:
   753  007CEE                     	movlw	high(0C8h)
   754  007CEE  0E00               	movwf	((c:PWM1_Duty@duty+1)),c
   755  007CF0  6E02               	movlw	low(0C8h)
   756  007CF2  0EC8               	movwf	((c:PWM1_Duty@duty)),c
   757  007CF4  6E01               	call	_PWM1_Duty	;wreg free
   758  007CF6  EC22  F03E         	line	100
   759                           	movlw	high(0)
   760  007CFA  0E00               	movwf	((c:main@j+1)),c
   761  007CFC  6E0C               	movlw	low(0)
   762  007CFE  0E00               	movwf	((c:main@j)),c
   763  007D00  6E0B               	
   764                           l810:
   765  007D02                     	btfsc	((c:main@j+1)),c,7
   766  007D02  BE0C               	goto	u111
   767  007D04  EF8D  F03E         	movf	((c:main@j+1)),c,w
   768  007D08  500C               	bnz	u110
   769  007D0A  E109               	movlw	200
   770  007D0C  0EC8               	subwf	 ((c:main@j)),c,w
   771  007D0E  5C0B               	btfss	status,0
   772  007D10  A0D8               	goto	u111
   773  007D12  EF8D  F03E         	goto	u110
   774  007D16  EF8F  F03E         
   775                           u111:
   776  007D1A                     	goto	l814
   777  007D1A  EF93  F03E         u110:
   778  007D1E                     	goto	l818
   779  007D1E  EFA5  F03E         	
   780                           l812:
   781  007D22                     	goto	l818
   782  007D22  EFA5  F03E         	
   783                           l47:
   784  007D26                     	
   785                           l814:
   786  007D26                     	infsnz	((c:main@j)),c
   787  007D26  4A0B               	incf	((c:main@j+1)),c
   788  007D28  2A0C               	
   789                           l816:
   790  007D2A                     	btfsc	((c:main@j+1)),c,7
   791  007D2A  BE0C               	goto	u121
   792  007D2C  EFA1  F03E         	movf	((c:main@j+1)),c,w
   793  007D30  500C               	bnz	u120
   794  007D32  E109               	movlw	200
   795  007D34  0EC8               	subwf	 ((c:main@j)),c,w
   796  007D36  5C0B               	btfss	status,0
   797  007D38  A0D8               	goto	u121
   798  007D3A  EFA1  F03E         	goto	u120
   799  007D3E  EFA3  F03E         
   800                           u121:
   801  007D42                     	goto	l814
   802  007D42  EF93  F03E         u120:
   803  007D46                     	goto	l818
   804  007D46  EFA5  F03E         	
   805                           l48:
   806  007D4A                     	line	101
   807                           	
   808                           l818:
   809  007D4A                     		incf	((c:main@i)),c,w
   810  007D4A  2809               iorwf	((c:main@i+1)),c,w
   811  007D4C  100A               	btfss	status,2
   812  007D4E  A4D8               	goto	u131
   813  007D50  EFAC  F03E         	goto	u130
   814  007D54  EFAE  F03E         
   815                           u131:
   816  007D58                     	goto	l822
   817  007D58  EFB6  F03E         u130:
   818  007D5C                     	line	102
   819                           	
   820                           l820:
   821  007D5C                     	movlw	high(0)
   822  007D5C  0E00               	movwf	((c:main@i+1)),c
   823  007D5E  6E0A               	movlw	low(0)
   824  007D60  0E00               	movwf	((c:main@i)),c
   825  007D62  6E09               	goto	l822
   826  007D64  EFB6  F03E         	
   827                           l49:
   828  007D68                     	goto	l822
   829  007D68  EFB6  F03E         	line	103
   830                           	
   831                           l46:
   832  007D6C                     	line	104
   833                           	
   834                           l822:
   835  007D6C                     	btfsc	c:(31769/8),(31769)&7	;volatile
   836  007D6C  B283               	goto	u141
   837  007D6E  EFBB  F03E         	goto	u140
   838  007D72  EFBD  F03E         u141:
   839  007D76                     	goto	l830
   840  007D76  EFD0  F03E         u140:
   841  007D7A                     	line	106
   842                           	
   843                           l824:
   844  007D7A                     	bsf	((c:3977)),c,1	;volatile
   845  007D7A  8289               	line	107
   846                           	
   847                           l826:
   848  007D7C                     	movlw	low(0FAh)
   849  007D7C  0EFA               	movwf	((c:PWM1_Init@setDuty)),c
   850  007D7E  6E01               	movlw	high(0FAh)
   851  007D80  0E00               	movwf	((c:PWM1_Init@setDuty+1)),c
   852  007D82  6E02               	movlw	low highword(0FAh)
   853  007D84  0E00               	movwf	((c:PWM1_Init@setDuty+2)),c
   854  007D86  6E03               	movlw	high highword(0FAh)
   855  007D88  0E00               	movwf	((c:PWM1_Init@setDuty+3)),c
   856  007D8A  6E04               	call	_PWM1_Init	;wreg free
   857  007D8C  EC0C  F03E         	line	108
   858                           	
   859                           l828:
   860  007D90                     	movlw	high(0C8h)
   861  007D90  0E00               	movwf	((c:PWM1_Duty@duty+1)),c
   862  007D92  6E02               	movlw	low(0C8h)
   863  007D94  0EC8               	movwf	((c:PWM1_Duty@duty)),c
   864  007D96  6E01               	call	_PWM1_Duty	;wreg free
   865  007D98  EC22  F03E         	line	109
   866                           	goto	l800
   867  007D9C  EF5F  F03E         	line	110
   868                           	
   869                           l50:
   870  007DA0                     	line	112
   871                           	
   872                           l830:
   873  007DA0                     	movlw	high(0)
   874  007DA0  0E00               	movwf	((c:PWM1_Duty@duty+1)),c
   875  007DA2  6E02               	movlw	low(0)
   876  007DA4  0E00               	movwf	((c:PWM1_Duty@duty)),c
   877  007DA6  6E01               	call	_PWM1_Duty	;wreg free
   878  007DA8  EC22  F03E         	line	113
   879                           	
   880                           l832:
   881  007DAC                     	movlw	low(0)
   882  007DAC  0E00               	movwf	((c:3977)),c	;volatile
   883  007DAE  6E89               	goto	l800
   884  007DB0  EF5F  F03E         	line	114
   885                           	
   886                           l51:
   887  007DB4                     	goto	l800
   888  007DB4  EF5F  F03E         	line	115
   889                           	
   890                           l52:
   891  007DB8                     	goto	l800
   892  007DB8  EF5F  F03E         	
   893                           l53:
   894  007DBC                     	line	116
   895                           	
   896                           l54:
   897  007DBC                     	global	start
   898                           	goto	start
   899  007DBC  EF00  F000         	opt stack 0
   900                           GLOBAL	__end_of_main
   901                           	__end_of_main:
   902  007DC0                     	signat	_main,89
   903                           	global	_PWM1_Start
   904                           
   905 ;; *************** function _PWM1_Start *****************
   906 ;; Defined at:
   907 ;;		line 50 in file "motor2.c"
   908 ;; Parameters:    Size  Location     Type
   909 ;;		None
   910 ;; Auto vars:     Size  Location     Type
   911 ;;		None
   912 ;; Return value:  Size  Location     Type
   913 ;;                  1    wreg      void 
   914 ;; Registers used:
   915 ;;		None
   916 ;; Tracked objects:
   917 ;;		On entry : 0/0
   918 ;;		On exit  : 0/0
   919 ;;		Unchanged: 0/0
   920 ;; Data sizes:     COMRAM   BANK0   BANK1   BANK2   BANK3   BANK4   BANK5
   921 ;;      Params:         0       0       0       0       0       0       0
   922 ;;      Locals:         0       0       0       0       0       0       0
   923 ;;      Temps:          0       0       0       0       0       0       0
   924 ;;      Totals:         0       0       0       0       0       0       0
   925 ;;Total ram usage:        0 bytes
   926 ;; Hardware stack levels used:    1
   927 ;; This function calls:
   928 ;;		Nothing
   929 ;; This function is called by:
   930 ;;		_main
   931 ;; This function uses a non-reentrant model
   932 ;;
   933                           psect	text1,class=CODE,space=0,reloc=2,group=0
   934                           	line	50
   935                           global __ptext1
   936                           __ptext1:
   937  007C24                     psect	text1
   938                           	file	"motor2.c"
   939                           	line	50
   940                           	global	__size_of_PWM1_Start
   941                           	__size_of_PWM1_Start	equ	__end_of_PWM1_Start-_PWM1_Start
   942  0000                     	
   943                           _PWM1_Start:
   944  007C24                     ;incstack = 0
   945                           	opt	stack 30
   946                           	line	53
   947                           	
   948                           l736:
   949  007C24                     ;motor2.c: 53:         PWM1CONbits.PRSEN = 1;
   950                           	bcf	((c:4029)),c,0	;volatile
   951  007C24  90BD               	line	54
   952                           ;motor2.c: 54: 
   953                           	bcf	((c:4029)),c,1	;volatile
   954  007C26  92BD               	line	55
   955                           ;motor2.c: 55: }
   956                           	bsf	((c:4029)),c,2	;volatile
   957  007C28  84BD               	line	56
   958                           ;motor2.c: 56: 
   959                           	bsf	((c:4029)),c,3	;volatile
   960  007C2A  86BD               	line	58
   961                           ;motor2.c: 58: {
   962                           	bsf	((c:4042)),c,2	;volatile
   963  007C2C  84CA               	line	60
   964                           ;motor2.c: 60:     PWM1_Start();
   965                           	bcf	((c:4051)),c,4	;volatile
   966  007C2E  98D3               	line	61
   967                           ;motor2.c: 61:     int i = 0, j = 0, flag = 0;
   968                           	bsf	((c:4051)),c,5	;volatile
   969  007C30  8AD3               	line	62
   970                           ;motor2.c: 62: 
   971                           	bsf	((c:4051)),c,6	;volatile
   972  007C32  8CD3               	line	64
   973                           ;motor2.c: 64:     TRISDbits.RD1 = 1;
   974                           	bcf	((c:3988)),c,2	;volatile
   975  007C34  9494               	line	65
   976                           ;motor2.c: 65: 
   977                           	bcf	((c:3989)),c,7	;volatile
   978  007C36  9E95               	line	66
   979                           ;motor2.c: 66: 
   980                           	bcf	((c:3989)),c,6	;volatile
   981  007C38  9C95               	line	67
   982                           ;motor2.c: 67: 
   983                           	bcf	((c:3989)),c,5	;volatile
   984  007C3A  9A95               	line	69
   985                           ;motor2.c: 69:     LATA = 0;
   986                           	bcf	((c:4042)),c,0	;volatile
   987  007C3C  90CA               	line	70
   988                           ;motor2.c: 70: 
   989                           	bsf	((c:4042)),c,1	;volatile
   990  007C3E  82CA               	line	72
   991                           ;motor2.c: 72:     while(1)
   992                           	bsf	((c:4023)),c,7	;volatile
   993  007C40  8EB7               	line	74
   994                           	
   995                           l40:
   996  007C42                     	return	;funcret
   997  007C42  0012               	opt stack 0
   998                           GLOBAL	__end_of_PWM1_Start
   999                           	__end_of_PWM1_Start:
  1000  007C44                     	signat	_PWM1_Start,89
  1001                           	global	_PWM1_Init
  1002                           
  1003 ;; *************** function _PWM1_Init *****************
  1004 ;; Defined at:
  1005 ;;		line 23 in file "motor2.c"
  1006 ;; Parameters:    Size  Location     Type
  1007 ;;  setDuty         4    0[COMRAM] long 
  1008 ;; Auto vars:     Size  Location     Type
  1009 ;;		None
  1010 ;; Return value:  Size  Location     Type
  1011 ;;                  1    wreg      void 
  1012 ;; Registers used:
  1013 ;;		None
  1014 ;; Tracked objects:
  1015 ;;		On entry : 0/0
  1016 ;;		On exit  : 0/0
  1017 ;;		Unchanged: 0/0
  1018 ;; Data sizes:     COMRAM   BANK0   BANK1   BANK2   BANK3   BANK4   BANK5
  1019 ;;      Params:         4       0       0       0       0       0       0
  1020 ;;      Locals:         0       0       0       0       0       0       0
  1021 ;;      Temps:          0       0       0       0       0       0       0
  1022 ;;      Totals:         4       0       0       0       0       0       0
  1023 ;;Total ram usage:        4 bytes
  1024 ;; Hardware stack levels used:    1
  1025 ;; This function calls:
  1026 ;;		Nothing
  1027 ;; This function is called by:
  1028 ;;		_main
  1029 ;; This function uses a non-reentrant model
  1030 ;;
  1031                           psect	text2,class=CODE,space=0,reloc=2,group=0
  1032                           	line	23
  1033                           global __ptext2
  1034                           __ptext2:
  1035  007C18                     psect	text2
  1036                           	file	"motor2.c"
  1037                           	line	23
  1038                           	global	__size_of_PWM1_Init
  1039                           	__size_of_PWM1_Init	equ	__end_of_PWM1_Init-_PWM1_Init
  1040  0000                     	
  1041                           _PWM1_Init:
  1042  007C18                     ;incstack = 0
  1043                           	opt	stack 30
  1044                           	line	25
  1045                           	
  1046                           l786:
  1047  007C18                     ;motor2.c: 23: ;motor2.c: 24: void PWM1_Duty2();motor2.c: 25: {
  1048                           	movff	(c:PWM1_Init@setDuty),(c:4043)	;volatile
  1049  007C18  C001  FFCB         	line	28
  1050                           	
  1051                           l31:
  1052  007C1C                     	return	;funcret
  1053  007C1C  0012               	opt stack 0
  1054                           GLOBAL	__end_of_PWM1_Init
  1055                           	__end_of_PWM1_Init:
  1056  007C1E                     	signat	_PWM1_Init,4217
  1057                           	global	_PWM1_Duty
  1058                           
  1059 ;; *************** function _PWM1_Duty *****************
  1060 ;; Defined at:
  1061 ;;		line 30 in file "motor2.c"
  1062 ;; Parameters:    Size  Location     Type
  1063 ;;  duty            2    0[COMRAM] int 
  1064 ;; Auto vars:     Size  Location     Type
  1065 ;;		None
  1066 ;; Return value:  Size  Location     Type
  1067 ;;                  1    wreg      void 
  1068 ;; Registers used:
  1069 ;;		wreg, status,2, status,0
  1070 ;; Tracked objects:
  1071 ;;		On entry : 0/0
  1072 ;;		On exit  : 0/0
  1073 ;;		Unchanged: 0/0
  1074 ;; Data sizes:     COMRAM   BANK0   BANK1   BANK2   BANK3   BANK4   BANK5
  1075 ;;      Params:         2       0       0       0       0       0       0
  1076 ;;      Locals:         0       0       0       0       0       0       0
  1077 ;;      Temps:          2       0       0       0       0       0       0
  1078 ;;      Totals:         4       0       0       0       0       0       0
  1079 ;;Total ram usage:        4 bytes
  1080 ;; Hardware stack levels used:    1
  1081 ;; This function calls:
  1082 ;;		Nothing
  1083 ;; This function is called by:
  1084 ;;		_main
  1085 ;; This function uses a non-reentrant model
  1086 ;;
  1087                           psect	text3,class=CODE,space=0,reloc=2,group=0
  1088                           	line	30
  1089                           global __ptext3
  1090                           __ptext3:
  1091  007C44                     psect	text3
  1092                           	file	"motor2.c"
  1093                           	line	30
  1094                           	global	__size_of_PWM1_Duty
  1095                           	__size_of_PWM1_Duty	equ	__end_of_PWM1_Duty-_PWM1_Duty
  1096  0000                     	
  1097                           _PWM1_Duty:
  1098  007C44                     ;incstack = 0
  1099                           	opt	stack 30
  1100                           	line	33
  1101                           	
  1102                           l788:
  1103  007C44                     ;motor2.c: 30: ;motor2.c: 31: void PWM1_Start();motor2.c: 33: 
  1104                           	movff	(c:PWM1_Duty@duty),(c:3986)	;volatile
  1105  007C44  C001  FF92         	line	34
  1106                           ;motor2.c: 34:     CCP1CONbits.CCP1M0 = 0;
  1107                           	btfss	((c:3986)),c,1	;volatile
  1108  007C48  A292               	bra	u85
  1109  007C4A  D002               	bsf	((c:4029)),c,5	;volatile
  1110  007C4C  8ABD               	bra	u87
  1111  007C4E  D001               	u85:	
  1112  007C50                     	bcf	((c:4029)),c,5	;volatile
  1113  007C50  9ABD               	u87:
  1114  007C52                     	line	35
  1115                           ;motor2.c: 35:     CCP1CONbits.CCP1M1 = 0;
  1116                           	btfss	((c:3986)),c,0	;volatile
  1117  007C52  A092               	bra	u95
  1118  007C54  D002               	bsf	((c:4029)),c,4	;volatile
  1119  007C56  88BD               	bra	u97
  1120  007C58  D001               	u95:	
  1121  007C5A                     	bcf	((c:4029)),c,4	;volatile
  1122  007C5A  98BD               	u97:
  1123  007C5C                     	line	38
  1124                           	
  1125                           l790:
  1126  007C5C                     ;motor2.c: 38: 
  1127                           	movff	(c:PWM1_Duty@duty),??_PWM1_Duty+0+0
  1128  007C5C  C001  F003         	movff	(c:PWM1_Duty@duty+1),??_PWM1_Duty+0+0+1
  1129  007C60  C002  F004         	rlcf	(??_PWM1_Duty+0+1),c,w
  1130  007C64  3404               	rrcf	(??_PWM1_Duty+0+1),c
  1131  007C66  3204               	rrcf	(??_PWM1_Duty+0+0),c
  1132  007C68  3203               	rlcf	(??_PWM1_Duty+0+1),c,w
  1133  007C6A  3404               	rrcf	(??_PWM1_Duty+0+1),c
  1134  007C6C  3204               	rrcf	(??_PWM1_Duty+0+0),c
  1135  007C6E  3203               	movf	(??_PWM1_Duty+0+0),c,w
  1136  007C70  5003               	movwf	((c:4030)),c	;volatile
  1137  007C72  6EBE               	line	41
  1138                           	
  1139                           l34:
  1140  007C74                     	return	;funcret
  1141  007C74  0012               	opt stack 0
  1142                           GLOBAL	__end_of_PWM1_Duty
  1143                           	__end_of_PWM1_Duty:
  1144  007C76                     	signat	_PWM1_Duty,4217
  1145                           	GLOBAL	__activetblptr
  1146                           __activetblptr	EQU	0
  1147  0000                     	psect	intsave_regs,class=BIGRAM,space=1,noexec
  1148                           	PSECT	rparam,class=COMRAM,space=1,noexec
  1149                           	GLOBAL	__Lrparam
  1150                           	FNCONF	rparam,??,?
  1151                           	GLOBAL	___rparam_used
  1152                           	___rparam_used EQU 1
  1153  0000                     	GLOBAL	___param_bank
  1154                           	___param_bank EQU 0
  1155  0000                     GLOBAL	__Lparam, __Hparam
  1156                           GLOBAL	__Lrparam, __Hrparam
  1157                           __Lparam	EQU	__Lrparam
  1158  0000                     __Hparam	EQU	__Hrparam
  1159  0000                     	end


Data Sizes:
    Strings     0
    Constant    0
    Data        0
    BSS         0
    Persistent  0
    Stack       0

Auto Spaces:
    Space          Size  Autos    Used
    COMRAM          127     12      12
    BANK0           128      0       0
    BANK1           256      0       0
    BANK2           256      0       0
    BANK3           256      0       0
    BANK4           256      0       0
    BANK5           244      0       0

Pointer List with Targets:

    None.

Critical Paths under _main in COMRAM

    _main->_PWM1_Duty
    _main->_PWM1_Init

Critical Paths under _main in BANK0

    None.

Critical Paths under _main in BANK1

    None.

Critical Paths under _main in BANK2

    None.

Critical Paths under _main in BANK3

    None.

Critical Paths under _main in BANK4

    None.

Critical Paths under _main in BANK5

    None.

Call Graph Tables:

 ---------------------------------------------------------------------------------
 (Depth) Function   	        Calls       Base Space   Used Autos Params    Refs
 ---------------------------------------------------------------------------------
 (0) _main                                                 8     8      0     618
                                              4 COMRAM     8     8      0
                          _PWM1_Duty
                          _PWM1_Init
                         _PWM1_Start
 ---------------------------------------------------------------------------------
 (1) _PWM1_Start                                           0     0      0       0
 ---------------------------------------------------------------------------------
 (1) _PWM1_Init                                            4     0      4     250
                                              0 COMRAM     4     0      4
 ---------------------------------------------------------------------------------
 (1) _PWM1_Duty                                            4     2      2     272
                                              0 COMRAM     4     2      2
 ---------------------------------------------------------------------------------
 Estimated maximum stack depth 1
 ---------------------------------------------------------------------------------

 Call Graph Graphs:

 _main (ROOT)
   _PWM1_Duty
   _PWM1_Init
   _PWM1_Start

 Address spaces:
Name               Size   Autos  Total    Cost      Usage
BITCOMRAM           7F      0       0       0        0.0%
EEDATA             100      0       0       0        0.0%
NULL                 0      0       0       0        0.0%
CODE                 0      0       0       0        0.0%
COMRAM              7F      C       C       1        9.4%
STACK                0      0       0       2        0.0%
BITBANK0            80      0       0       3        0.0%
BANK0               80      0       0       4        0.0%
BITBANK1           100      0       0       5        0.0%
BANK1              100      0       0       6        0.0%
BITBANK2           100      0       0       7        0.0%
BANK2              100      0       0       8        0.0%
BITBANK3           100      0       0       9        0.0%
BANK3              100      0       0      10        0.0%
BITBANK4           100      0       0      11        0.0%
BANK4              100      0       0      12        0.0%
BANK5               F4      0       0      13        0.0%
ABS                  0      0       0      14        0.0%
BITBANK5            F4      0       0      15        0.0%
BIGRAM             5F3      0       0      16        0.0%
DATA                 0      0       0      17        0.0%
BITSFR_5             0      0       0     200        0.0%
SFR_5                0      0       0     200        0.0%
BITSFR_4             0      0       0     200        0.0%
SFR_4                0      0       0     200        0.0%
BITSFR_3             0      0       0     200        0.0%
SFR_3                0      0       0     200        0.0%
BITSFR_2             0      0       0     200        0.0%
SFR_2                0      0       0     200        0.0%
BITSFR_1             0      0       0     200        0.0%
SFR_1                0      0       0     200        0.0%
BITSFR               0      0       0     200        0.0%
SFR                  0      0       0     200        0.0%


Microchip Technology PIC18 Macro Assembler V2.00 build -1524193055 
Symbol Table                                                                                   Wed Jan 02 18:55:53 2019

                     l31 7C1C                       l40 7C42                       l34 7C74  
                     l50 7DA0                       l51 7DB4                       l52 7DB8  
                     l53 7DBC                       l45 7CBE                       l54 7DBC  
                     l46 7D6C                       l47 7D26                       l48 7D4A  
                     l49 7D68                       u85 7C50                       u95 7C5A  
                     u87 7C52                       u97 7C5C                      l800 7CBE  
                    l810 7D02                      l802 7CCC                      l820 7D5C  
                    l812 7D22                      l804 7CCE                      l830 7DA0  
                    l814 7D26                      l806 7CE2                      l822 7D6C  
                    l736 7C24                      l832 7DAC                      l824 7D7A  
                    l816 7D2A                      l808 7CEE                      l826 7D7C  
                    l818 7D4A                      l828 7D90                      l790 7C5C  
                    l792 7C76                      l786 7C18                      l794 7C8A  
                    l788 7C44                      l796 7CA6                      l798 7CA8  
                    _RD0 007C18                      _RD1 007C19                      u100 7CCC  
                    u101 7CC8                      u110 7D1E                      u111 7D1A  
                    u120 7D46                      u121 7D42                      u130 7D5C  
                    u131 7D58                      u140 7D7A                      u141 7D76  
                    _PR2 000FCB             __CFG_CPD$OFF 000000             __CFG_LVP$OFF 000000  
           __CFG_WDT$OFF 000000                     _LATA 000F89                     _main 7C76  
          __CFG_BOREN$ON 000000                     start 0000             ___param_bank 000000  
                  ?_main 0001                    _TRISA 000F92            __CFG_PWRT$OFF 000000  
     __size_of_PWM1_Init 0006       __size_of_PWM1_Duty 0032              ?_PWM1_Start 0001  
                  main@i 0009                    main@j 000B                    main@k 0007  
                  status 000FD8          __initialization 7C1E             __end_of_main 7DC0  
                 ??_main 0005            __activetblptr 000000                   _CCPR1L 000FBE  
      __end_of_PWM1_Init 7C1E        __end_of_PWM1_Duty 7C76      __size_of_PWM1_Start 0020  
             __accesstop 0080  __end_of__initialization 7C1E            ___rparam_used 000001  
         __pcstackCOMRAM 0001             ??_PWM1_Start 0001                  __Hparam 0000  
                __Lparam 0000       __end_of_PWM1_Start 7C44                  __pcinit 7C1E  
                __ramtop 0600                  __ptext0 7C76                  __ptext1 7C24  
                __ptext2 7C18                  __ptext3 7C44                _T2CONbits 000FCA  
   end_of_initialization 7C1E                _PWM1_Init 7C18                _PWM1_Duty 7C44  
              _TRISAbits 000F92                _TRISCbits 000F94                _TRISDbits 000F95  
            _CCP1CONbits 000FBD               ?_PWM1_Init 0001               ?_PWM1_Duty 0001  
    start_initialization 7C1E         __CFG_OSC$INTIO67 000000              ??_PWM1_Init 0005  
            ??_PWM1_Duty 0003                 _LATAbits 000F89            PWM1_Duty@duty 0001  
               __Hrparam 0000         PWM1_Init@setDuty 0001                 __Lrparam 0000  
          __size_of_main 014A                 main@flag 0005              _PWM1CONbits 000FB7  
             _OSCCONbits 000FD3               _PWM1_Start 7C24  
