

Microchip Technology PIC18 LITE Macro Assembler V2.00 build -1524193055 
                                                                                               Mon Dec 31 12:35:26 2018

Microchip Technology Omniscient Code Generator v2.00 (Free mode) build 20180527130849
     1  0000                     
     2                           ; Version 2.00
     3                           ; Generated 27/05/2018 GMT
     4                           
     5                           ; 
     6                           ; Copyright © 2018, Microchip Technology Inc. and its subsidiaries ("Microchip")
     7                           ; All rights reserved.
     8                           ; 
     9                           ; This software is developed by Microchip Technology Inc. and its subsidiaries ("Microch
                                 ip").
    10                           ; 
    11                           ; Redistribution and use in source and binary forms, with or without modification, are
    12                           ; permitted provided that the following conditions are met:
    13                           ; 
    14                           ;     1. Redistributions of source code must retain the above copyright notice, this lis
                                 t of
    15                           ;        conditions and the following disclaimer.
    16                           ; 
    17                           ;     2. Redistributions in binary form must reproduce the above copyright notice, this 
                                 list
    18                           ;        of conditions and the following disclaimer in the documentation and/or other
    19                           ;        materials provided with the distribution.
    20                           ; 
    21                           ;     3. Microchip's name may not be used to endorse or promote products derived from th
                                 is
    22                           ;        software without specific prior written permission.
    23                           ; 
    24                           ; THIS SOFTWARE IS PROVIDED BY MICROCHIP "AS IS" AND ANY EXPRESS OR IMPLIED WARRANTIES,

    25                           ; INCLUDING, BUT NOT LIMITED TO, THE IMPLIED WARRANTIES OF MERCHANTABILITY AND FITNESS F
                                 OR
    26                           ; PURPOSE ARE DISCLAIMED.  IN NO EVENT SHALL MICROCHIP BE LIABLE FOR ANY DIRECT, INDIREC
                                 T,
    27                           ; INCIDENTAL, SPECIAL, EXEMPLARY, OR CONSEQUENTIAL DAMAGES (INCLUDING BUT NOT LIMITED TO
                                 
    28                           ; PROCUREMENT OF SUBSTITUTE GOODS OR SERVICES; LOSS OF USE, DATA OR PROFITS; OR BUSINESS
                                 
    29                           ; INTERRUPTION) HOWSOEVER CAUSED AND ON ANY THEORY OF LIABILITY, WHETHER IN CONTRACT, ST
                                 RICT
    30                           ; LIABILITY, OR TORT (INCLUDING NEGLIGENCE OR OTHERWISE) ARISING IN ANY WAY OUT OF THE U
                                 SE OF
    31                           ; THIS SOFTWARE, EVEN IF ADVISED OF THE POSSIBILITY OF SUCH DAMAGE.
    32                           ; 
    33                           
    34                           
    35                           ; 
    36                           ; Code-generator required, PIC18F4520 Definitions
    37                           ; 
    38  0000                     fsr0 equ 0FE9h
    39  0000                     fsr0h equ 0FEAh
    40  0000                     fsr0l equ 0FE9h
    41  0000                     fsr1 equ 0FE1h
    42  0000                     fsr1h equ 0FE2h
    43  0000                     fsr1l equ 0FE1h
    44  0000                     fsr2 equ 0FD9h
    45  0000                     fsr2h equ 0FDAh
    46  0000                     fsr2l equ 0FD9h
    47  0000                     indf0 equ 0FEFh
    48  0000                     indf1 equ 0FE7h
    49  0000                     indf2 equ 0FDFh
    50  0000                     intcon equ 0FF2h
    51  0000                     nvmcon equ 00h
    52  0000                     pcl equ 0FF9h
    53  0000                     pclath equ 0FFAh
    54  0000                     pclatu equ 0FFBh
    55  0000                     plusw0 equ 0FEBh
    56  0000                     plusw1 equ 0FE3h
    57  0000                     plusw2 equ 0FDBh
    58  0000                     postdec0 equ 0FEDh
    59  0000                     postdec1 equ 0FE5h
    60  0000                     postdec2 equ 0FDDh
    61  0000                     postinc0 equ 0FEEh
    62  0000                     postinc1 equ 0FE6h
    63  0000                     postinc2 equ 0FDEh
    64  0000                     preinc0 equ 0FECh
    65  0000                     preinc1 equ 0FE4h
    66  0000                     preinc2 equ 0FDCh
    67  0000                     prod equ 0FF3h
    68  0000                     prodh equ 0FF4h
    69  0000                     prodl equ 0FF3h
    70  0000                     status equ 0FD8h
    71  0000                     tablat equ 0FF5h
    72  0000                     tblptr equ 0FF6h
    73  0000                     tblptrh equ 0FF7h
    74  0000                     tblptrl equ 0FF6h
    75  0000                     tblptru equ 0FF8h
    76  0000                     tosl equ 0FFDh
    77  0000                     wreg equ 0FE8h
    78  0000                     
     2                           opt pagewidth 120
     3  0000                     byte0	macro	val
     4                           	(getbyte(val,0))
     5                           endm
     6  0000                     byte1	macro	val
     7                           	(getbyte(val,1))
     8                           endm
     9  0000                     byte2	macro	val
    10                           	(getbyte(val,2))
    11                           endm
    12  0000                     byte3	macro	val
    13                           	(getbyte(val,3))
    14                           endm
    15  0000                     byte4	macro	val
    16                           	(getbyte(val,4))
    17                           endm
    18  0000                     byte5	macro	val
    19                           	(getbyte(val,5))
    20                           endm
    21  0000                     byte6	macro	val
    22                           	(getbyte(val,6))
    23                           endm
    24  0000                     byte7	macro	val
    25                           	(getbyte(val,7))
    26                           endm
    27  0000                     getword	macro	val,pos
    28                           	(((val) >> (8 * pos)) and 0xffff)
    29                           endm
    30  0000                     word0	macro	val
    31                           	(getword(val,0))
    32                           endm
    33  0000                     word1	macro	val
    34                           	(getword(val,2))
    35                           endm
    36  0000                     word2	macro	val
    37                           	(getword(val,4))
    38                           endm
    39  0000                     word3	macro	val
    40                           	(getword(val,6))
    41                           endm
    42  0000                     gettword	macro	val,pos
    43                           	(((val) >> (8 * pos)) and 0xffffff)
    44                           endm
    45  0000                     tword0	macro	val
    46                           	(gettword(val,0))
    47                           endm
    48  0000                     tword1	macro	val
    49                           	(gettword(val,3))
    50                           endm
    51  0000                     tword2	macro	val
    52                           	(gettword(val,6))
    53                           endm
    54  0000                     getdword	macro	val,pos
    55                           	(((val) >> (8 * pos)) and 0xffffffff)
    56                           endm
    57  0000                     dword0	macro	val
    58                           	(getdword(val,0))
    59                           endm
    60  0000                     dword1	macro	val
    61                           	(getdword(val,4))
    62                           endm
    63  0000                     clrc   macro
    64                           	bcf	status,0
    65                           endm
    66  0000                     setc   macro
    67                           	bsf	status,0
    68                           endm
    69  0000                     clrz   macro
    70                           	bcf	status,2
    71                           endm
    72  0000                     setz   macro
    73                           	bsf	status,2
    74                           endm
    75  0000                     skipnz macro
    76                           	btfsc	status,2
    77                           endm
    78  0000                     skipz  macro
    79                           	btfss	status,2
    80                           endm
    81  0000                     skipnc macro
    82                           	btfsc	status,0
    83                           endm
    84  0000                     skipc  macro
    85                           	btfss	status,0
    86                           endm
    87  0000                     pushw macro
    88                           	movwf postinc1
    89                           endm
    90  0000                     pushf macro arg1
    91                           	movff arg1, postinc1
    92                           endm
    93  0000                     popw macro
    94                           	movf postdec1,f
    95                           	movf indf1,w
    96                           endm
    97  0000                     popf macro arg1
    98                           	movf postdec1,f
    99                           	movff indf1,arg1
   100                           endm
   101  0000                     popfc macro arg1
   102                           	movff plusw1,arg1
   103                           	decfsz fsr1,f
   104                           endm
   105  0000                     	global	__ramtop
   106                           	global	__accesstop
   107                           # 54 "C:\Program Files (x86)\Microchip\xc8\v2.00\pic\include\pic18f4520.h"
   108                           PORTA equ 0F80h ;# 
   109  0000                     # 273 "C:\Program Files (x86)\Microchip\xc8\v2.00\pic\include\pic18f4520.h"
   110                           PORTB equ 0F81h ;# 
   111  0000                     # 452 "C:\Program Files (x86)\Microchip\xc8\v2.00\pic\include\pic18f4520.h"
   112                           PORTC equ 0F82h ;# 
   113  0000                     # 634 "C:\Program Files (x86)\Microchip\xc8\v2.00\pic\include\pic18f4520.h"
   114                           PORTD equ 0F83h ;# 
   115  0000                     # 776 "C:\Program Files (x86)\Microchip\xc8\v2.00\pic\include\pic18f4520.h"
   116                           PORTE equ 0F84h ;# 
   117  0000                     # 979 "C:\Program Files (x86)\Microchip\xc8\v2.00\pic\include\pic18f4520.h"
   118                           LATA equ 0F89h ;# 
   119  0000                     # 1091 "C:\Program Files (x86)\Microchip\xc8\v2.00\pic\include\pic18f4520.h"
   120                           LATB equ 0F8Ah ;# 
   121  0000                     # 1203 "C:\Program Files (x86)\Microchip\xc8\v2.00\pic\include\pic18f4520.h"
   122                           LATC equ 0F8Bh ;# 
   123  0000                     # 1315 "C:\Program Files (x86)\Microchip\xc8\v2.00\pic\include\pic18f4520.h"
   124                           LATD equ 0F8Ch ;# 
   125  0000                     # 1427 "C:\Program Files (x86)\Microchip\xc8\v2.00\pic\include\pic18f4520.h"
   126                           LATE equ 0F8Dh ;# 
   127  0000                     # 1479 "C:\Program Files (x86)\Microchip\xc8\v2.00\pic\include\pic18f4520.h"
   128                           TRISA equ 0F92h ;# 
   129  0000                     # 1484 "C:\Program Files (x86)\Microchip\xc8\v2.00\pic\include\pic18f4520.h"
   130                           DDRA equ 0F92h ;# 
   131  0000                     # 1701 "C:\Program Files (x86)\Microchip\xc8\v2.00\pic\include\pic18f4520.h"
   132                           TRISB equ 0F93h ;# 
   133  0000                     # 1706 "C:\Program Files (x86)\Microchip\xc8\v2.00\pic\include\pic18f4520.h"
   134                           DDRB equ 0F93h ;# 
   135  0000                     # 1923 "C:\Program Files (x86)\Microchip\xc8\v2.00\pic\include\pic18f4520.h"
   136                           TRISC equ 0F94h ;# 
   137  0000                     # 1928 "C:\Program Files (x86)\Microchip\xc8\v2.00\pic\include\pic18f4520.h"
   138                           DDRC equ 0F94h ;# 
   139  0000                     # 2145 "C:\Program Files (x86)\Microchip\xc8\v2.00\pic\include\pic18f4520.h"
   140                           TRISD equ 0F95h ;# 
   141  0000                     # 2150 "C:\Program Files (x86)\Microchip\xc8\v2.00\pic\include\pic18f4520.h"
   142                           DDRD equ 0F95h ;# 
   143  0000                     # 2367 "C:\Program Files (x86)\Microchip\xc8\v2.00\pic\include\pic18f4520.h"
   144                           TRISE equ 0F96h ;# 
   145  0000                     # 2372 "C:\Program Files (x86)\Microchip\xc8\v2.00\pic\include\pic18f4520.h"
   146                           DDRE equ 0F96h ;# 
   147  0000                     # 2531 "C:\Program Files (x86)\Microchip\xc8\v2.00\pic\include\pic18f4520.h"
   148                           OSCTUNE equ 0F9Bh ;# 
   149  0000                     # 2596 "C:\Program Files (x86)\Microchip\xc8\v2.00\pic\include\pic18f4520.h"
   150                           PIE1 equ 0F9Dh ;# 
   151  0000                     # 2673 "C:\Program Files (x86)\Microchip\xc8\v2.00\pic\include\pic18f4520.h"
   152                           PIR1 equ 0F9Eh ;# 
   153  0000                     # 2750 "C:\Program Files (x86)\Microchip\xc8\v2.00\pic\include\pic18f4520.h"
   154                           IPR1 equ 0F9Fh ;# 
   155  0000                     # 2827 "C:\Program Files (x86)\Microchip\xc8\v2.00\pic\include\pic18f4520.h"
   156                           PIE2 equ 0FA0h ;# 
   157  0000                     # 2893 "C:\Program Files (x86)\Microchip\xc8\v2.00\pic\include\pic18f4520.h"
   158                           PIR2 equ 0FA1h ;# 
   159  0000                     # 2959 "C:\Program Files (x86)\Microchip\xc8\v2.00\pic\include\pic18f4520.h"
   160                           IPR2 equ 0FA2h ;# 
   161  0000                     # 3025 "C:\Program Files (x86)\Microchip\xc8\v2.00\pic\include\pic18f4520.h"
   162                           EECON1 equ 0FA6h ;# 
   163  0000                     # 3091 "C:\Program Files (x86)\Microchip\xc8\v2.00\pic\include\pic18f4520.h"
   164                           EECON2 equ 0FA7h ;# 
   165  0000                     # 3098 "C:\Program Files (x86)\Microchip\xc8\v2.00\pic\include\pic18f4520.h"
   166                           EEDATA equ 0FA8h ;# 
   167  0000                     # 3105 "C:\Program Files (x86)\Microchip\xc8\v2.00\pic\include\pic18f4520.h"
   168                           EEADR equ 0FA9h ;# 
   169  0000                     # 3112 "C:\Program Files (x86)\Microchip\xc8\v2.00\pic\include\pic18f4520.h"
   170                           RCSTA equ 0FABh ;# 
   171  0000                     # 3117 "C:\Program Files (x86)\Microchip\xc8\v2.00\pic\include\pic18f4520.h"
   172                           RCSTA1 equ 0FABh ;# 
   173  0000                     # 3322 "C:\Program Files (x86)\Microchip\xc8\v2.00\pic\include\pic18f4520.h"
   174                           TXSTA equ 0FACh ;# 
   175  0000                     # 3327 "C:\Program Files (x86)\Microchip\xc8\v2.00\pic\include\pic18f4520.h"
   176                           TXSTA1 equ 0FACh ;# 
   177  0000                     # 3578 "C:\Program Files (x86)\Microchip\xc8\v2.00\pic\include\pic18f4520.h"
   178                           TXREG equ 0FADh ;# 
   179  0000                     # 3583 "C:\Program Files (x86)\Microchip\xc8\v2.00\pic\include\pic18f4520.h"
   180                           TXREG1 equ 0FADh ;# 
   181  0000                     # 3590 "C:\Program Files (x86)\Microchip\xc8\v2.00\pic\include\pic18f4520.h"
   182                           RCREG equ 0FAEh ;# 
   183  0000                     # 3595 "C:\Program Files (x86)\Microchip\xc8\v2.00\pic\include\pic18f4520.h"
   184                           RCREG1 equ 0FAEh ;# 
   185  0000                     # 3602 "C:\Program Files (x86)\Microchip\xc8\v2.00\pic\include\pic18f4520.h"
   186                           SPBRG equ 0FAFh ;# 
   187  0000                     # 3607 "C:\Program Files (x86)\Microchip\xc8\v2.00\pic\include\pic18f4520.h"
   188                           SPBRG1 equ 0FAFh ;# 
   189  0000                     # 3614 "C:\Program Files (x86)\Microchip\xc8\v2.00\pic\include\pic18f4520.h"
   190                           SPBRGH equ 0FB0h ;# 
   191  0000                     # 3621 "C:\Program Files (x86)\Microchip\xc8\v2.00\pic\include\pic18f4520.h"
   192                           T3CON equ 0FB1h ;# 
   193  0000                     # 3733 "C:\Program Files (x86)\Microchip\xc8\v2.00\pic\include\pic18f4520.h"
   194                           TMR3 equ 0FB2h ;# 
   195  0000                     # 3740 "C:\Program Files (x86)\Microchip\xc8\v2.00\pic\include\pic18f4520.h"
   196                           TMR3L equ 0FB2h ;# 
   197  0000                     # 3747 "C:\Program Files (x86)\Microchip\xc8\v2.00\pic\include\pic18f4520.h"
   198                           TMR3H equ 0FB3h ;# 
   199  0000                     # 3754 "C:\Program Files (x86)\Microchip\xc8\v2.00\pic\include\pic18f4520.h"
   200                           CMCON equ 0FB4h ;# 
   201  0000                     # 3844 "C:\Program Files (x86)\Microchip\xc8\v2.00\pic\include\pic18f4520.h"
   202                           CVRCON equ 0FB5h ;# 
   203  0000                     # 3923 "C:\Program Files (x86)\Microchip\xc8\v2.00\pic\include\pic18f4520.h"
   204                           ECCP1AS equ 0FB6h ;# 
   205  0000                     # 3928 "C:\Program Files (x86)\Microchip\xc8\v2.00\pic\include\pic18f4520.h"
   206                           ECCPAS equ 0FB6h ;# 
   207  0000                     # 4085 "C:\Program Files (x86)\Microchip\xc8\v2.00\pic\include\pic18f4520.h"
   208                           PWM1CON equ 0FB7h ;# 
   209  0000                     # 4090 "C:\Program Files (x86)\Microchip\xc8\v2.00\pic\include\pic18f4520.h"
   210                           ECCP1DEL equ 0FB7h ;# 
   211  0000                     # 4223 "C:\Program Files (x86)\Microchip\xc8\v2.00\pic\include\pic18f4520.h"
   212                           BAUDCON equ 0FB8h ;# 
   213  0000                     # 4228 "C:\Program Files (x86)\Microchip\xc8\v2.00\pic\include\pic18f4520.h"
   214                           BAUDCTL equ 0FB8h ;# 
   215  0000                     # 4403 "C:\Program Files (x86)\Microchip\xc8\v2.00\pic\include\pic18f4520.h"
   216                           CCP2CON equ 0FBAh ;# 
   217  0000                     # 4482 "C:\Program Files (x86)\Microchip\xc8\v2.00\pic\include\pic18f4520.h"
   218                           CCPR2 equ 0FBBh ;# 
   219  0000                     # 4489 "C:\Program Files (x86)\Microchip\xc8\v2.00\pic\include\pic18f4520.h"
   220                           CCPR2L equ 0FBBh ;# 
   221  0000                     # 4496 "C:\Program Files (x86)\Microchip\xc8\v2.00\pic\include\pic18f4520.h"
   222                           CCPR2H equ 0FBCh ;# 
   223  0000                     # 4503 "C:\Program Files (x86)\Microchip\xc8\v2.00\pic\include\pic18f4520.h"
   224                           CCP1CON equ 0FBDh ;# 
   225  0000                     # 4600 "C:\Program Files (x86)\Microchip\xc8\v2.00\pic\include\pic18f4520.h"
   226                           CCPR1 equ 0FBEh ;# 
   227  0000                     # 4607 "C:\Program Files (x86)\Microchip\xc8\v2.00\pic\include\pic18f4520.h"
   228                           CCPR1L equ 0FBEh ;# 
   229  0000                     # 4614 "C:\Program Files (x86)\Microchip\xc8\v2.00\pic\include\pic18f4520.h"
   230                           CCPR1H equ 0FBFh ;# 
   231  0000                     # 4621 "C:\Program Files (x86)\Microchip\xc8\v2.00\pic\include\pic18f4520.h"
   232                           ADCON2 equ 0FC0h ;# 
   233  0000                     # 4692 "C:\Program Files (x86)\Microchip\xc8\v2.00\pic\include\pic18f4520.h"
   234                           ADCON1 equ 0FC1h ;# 
   235  0000                     # 4777 "C:\Program Files (x86)\Microchip\xc8\v2.00\pic\include\pic18f4520.h"
   236                           ADCON0 equ 0FC2h ;# 
   237  0000                     # 4896 "C:\Program Files (x86)\Microchip\xc8\v2.00\pic\include\pic18f4520.h"
   238                           ADRES equ 0FC3h ;# 
   239  0000                     # 4903 "C:\Program Files (x86)\Microchip\xc8\v2.00\pic\include\pic18f4520.h"
   240                           ADRESL equ 0FC3h ;# 
   241  0000                     # 4910 "C:\Program Files (x86)\Microchip\xc8\v2.00\pic\include\pic18f4520.h"
   242                           ADRESH equ 0FC4h ;# 
   243  0000                     # 4917 "C:\Program Files (x86)\Microchip\xc8\v2.00\pic\include\pic18f4520.h"
   244                           SSPCON2 equ 0FC5h ;# 
   245  0000                     # 5012 "C:\Program Files (x86)\Microchip\xc8\v2.00\pic\include\pic18f4520.h"
   246                           SSPCON1 equ 0FC6h ;# 
   247  0000                     # 5082 "C:\Program Files (x86)\Microchip\xc8\v2.00\pic\include\pic18f4520.h"
   248                           SSPSTAT equ 0FC7h ;# 
   249  0000                     # 5303 "C:\Program Files (x86)\Microchip\xc8\v2.00\pic\include\pic18f4520.h"
   250                           SSPADD equ 0FC8h ;# 
   251  0000                     # 5310 "C:\Program Files (x86)\Microchip\xc8\v2.00\pic\include\pic18f4520.h"
   252                           SSPBUF equ 0FC9h ;# 
   253  0000                     # 5317 "C:\Program Files (x86)\Microchip\xc8\v2.00\pic\include\pic18f4520.h"
   254                           T2CON equ 0FCAh ;# 
   255  0000                     # 5415 "C:\Program Files (x86)\Microchip\xc8\v2.00\pic\include\pic18f4520.h"
   256                           PR2 equ 0FCBh ;# 
   257  0000                     # 5420 "C:\Program Files (x86)\Microchip\xc8\v2.00\pic\include\pic18f4520.h"
   258                           MEMCON equ 0FCBh ;# 
   259  0000                     # 5525 "C:\Program Files (x86)\Microchip\xc8\v2.00\pic\include\pic18f4520.h"
   260                           TMR2 equ 0FCCh ;# 
   261  0000                     # 5532 "C:\Program Files (x86)\Microchip\xc8\v2.00\pic\include\pic18f4520.h"
   262                           T1CON equ 0FCDh ;# 
   263  0000                     # 5635 "C:\Program Files (x86)\Microchip\xc8\v2.00\pic\include\pic18f4520.h"
   264                           TMR1 equ 0FCEh ;# 
   265  0000                     # 5642 "C:\Program Files (x86)\Microchip\xc8\v2.00\pic\include\pic18f4520.h"
   266                           TMR1L equ 0FCEh ;# 
   267  0000                     # 5649 "C:\Program Files (x86)\Microchip\xc8\v2.00\pic\include\pic18f4520.h"
   268                           TMR1H equ 0FCFh ;# 
   269  0000                     # 5656 "C:\Program Files (x86)\Microchip\xc8\v2.00\pic\include\pic18f4520.h"
   270                           RCON equ 0FD0h ;# 
   271  0000                     # 5789 "C:\Program Files (x86)\Microchip\xc8\v2.00\pic\include\pic18f4520.h"
   272                           WDTCON equ 0FD1h ;# 
   273  0000                     # 5817 "C:\Program Files (x86)\Microchip\xc8\v2.00\pic\include\pic18f4520.h"
   274                           HLVDCON equ 0FD2h ;# 
   275  0000                     # 5822 "C:\Program Files (x86)\Microchip\xc8\v2.00\pic\include\pic18f4520.h"
   276                           LVDCON equ 0FD2h ;# 
   277  0000                     # 6087 "C:\Program Files (x86)\Microchip\xc8\v2.00\pic\include\pic18f4520.h"
   278                           OSCCON equ 0FD3h ;# 
   279  0000                     # 6170 "C:\Program Files (x86)\Microchip\xc8\v2.00\pic\include\pic18f4520.h"
   280                           T0CON equ 0FD5h ;# 
   281  0000                     # 6253 "C:\Program Files (x86)\Microchip\xc8\v2.00\pic\include\pic18f4520.h"
   282                           TMR0 equ 0FD6h ;# 
   283  0000                     # 6260 "C:\Program Files (x86)\Microchip\xc8\v2.00\pic\include\pic18f4520.h"
   284                           TMR0L equ 0FD6h ;# 
   285  0000                     # 6267 "C:\Program Files (x86)\Microchip\xc8\v2.00\pic\include\pic18f4520.h"
   286                           TMR0H equ 0FD7h ;# 
   287  0000                     # 6274 "C:\Program Files (x86)\Microchip\xc8\v2.00\pic\include\pic18f4520.h"
   288                           STATUS equ 0FD8h ;# 
   289  0000                     # 6345 "C:\Program Files (x86)\Microchip\xc8\v2.00\pic\include\pic18f4520.h"
   290                           FSR2 equ 0FD9h ;# 
   291  0000                     # 6352 "C:\Program Files (x86)\Microchip\xc8\v2.00\pic\include\pic18f4520.h"
   292                           FSR2L equ 0FD9h ;# 
   293  0000                     # 6359 "C:\Program Files (x86)\Microchip\xc8\v2.00\pic\include\pic18f4520.h"
   294                           FSR2H equ 0FDAh ;# 
   295  0000                     # 6366 "C:\Program Files (x86)\Microchip\xc8\v2.00\pic\include\pic18f4520.h"
   296                           PLUSW2 equ 0FDBh ;# 
   297  0000                     # 6373 "C:\Program Files (x86)\Microchip\xc8\v2.00\pic\include\pic18f4520.h"
   298                           PREINC2 equ 0FDCh ;# 
   299  0000                     # 6380 "C:\Program Files (x86)\Microchip\xc8\v2.00\pic\include\pic18f4520.h"
   300                           POSTDEC2 equ 0FDDh ;# 
   301  0000                     # 6387 "C:\Program Files (x86)\Microchip\xc8\v2.00\pic\include\pic18f4520.h"
   302                           POSTINC2 equ 0FDEh ;# 
   303  0000                     # 6394 "C:\Program Files (x86)\Microchip\xc8\v2.00\pic\include\pic18f4520.h"
   304                           INDF2 equ 0FDFh ;# 
   305  0000                     # 6401 "C:\Program Files (x86)\Microchip\xc8\v2.00\pic\include\pic18f4520.h"
   306                           BSR equ 0FE0h ;# 
   307  0000                     # 6408 "C:\Program Files (x86)\Microchip\xc8\v2.00\pic\include\pic18f4520.h"
   308                           FSR1 equ 0FE1h ;# 
   309  0000                     # 6415 "C:\Program Files (x86)\Microchip\xc8\v2.00\pic\include\pic18f4520.h"
   310                           FSR1L equ 0FE1h ;# 
   311  0000                     # 6422 "C:\Program Files (x86)\Microchip\xc8\v2.00\pic\include\pic18f4520.h"
   312                           FSR1H equ 0FE2h ;# 
   313  0000                     # 6429 "C:\Program Files (x86)\Microchip\xc8\v2.00\pic\include\pic18f4520.h"
   314                           PLUSW1 equ 0FE3h ;# 
   315  0000                     # 6436 "C:\Program Files (x86)\Microchip\xc8\v2.00\pic\include\pic18f4520.h"
   316                           PREINC1 equ 0FE4h ;# 
   317  0000                     # 6443 "C:\Program Files (x86)\Microchip\xc8\v2.00\pic\include\pic18f4520.h"
   318                           POSTDEC1 equ 0FE5h ;# 
   319  0000                     # 6450 "C:\Program Files (x86)\Microchip\xc8\v2.00\pic\include\pic18f4520.h"
   320                           POSTINC1 equ 0FE6h ;# 
   321  0000                     # 6457 "C:\Program Files (x86)\Microchip\xc8\v2.00\pic\include\pic18f4520.h"
   322                           INDF1 equ 0FE7h ;# 
   323  0000                     # 6464 "C:\Program Files (x86)\Microchip\xc8\v2.00\pic\include\pic18f4520.h"
   324                           WREG equ 0FE8h ;# 
   325  0000                     # 6476 "C:\Program Files (x86)\Microchip\xc8\v2.00\pic\include\pic18f4520.h"
   326                           FSR0 equ 0FE9h ;# 
   327  0000                     # 6483 "C:\Program Files (x86)\Microchip\xc8\v2.00\pic\include\pic18f4520.h"
   328                           FSR0L equ 0FE9h ;# 
   329  0000                     # 6490 "C:\Program Files (x86)\Microchip\xc8\v2.00\pic\include\pic18f4520.h"
   330                           FSR0H equ 0FEAh ;# 
   331  0000                     # 6497 "C:\Program Files (x86)\Microchip\xc8\v2.00\pic\include\pic18f4520.h"
   332                           PLUSW0 equ 0FEBh ;# 
   333  0000                     # 6504 "C:\Program Files (x86)\Microchip\xc8\v2.00\pic\include\pic18f4520.h"
   334                           PREINC0 equ 0FECh ;# 
   335  0000                     # 6511 "C:\Program Files (x86)\Microchip\xc8\v2.00\pic\include\pic18f4520.h"
   336                           POSTDEC0 equ 0FEDh ;# 
   337  0000                     # 6518 "C:\Program Files (x86)\Microchip\xc8\v2.00\pic\include\pic18f4520.h"
   338                           POSTINC0 equ 0FEEh ;# 
   339  0000                     # 6525 "C:\Program Files (x86)\Microchip\xc8\v2.00\pic\include\pic18f4520.h"
   340                           INDF0 equ 0FEFh ;# 
   341  0000                     # 6532 "C:\Program Files (x86)\Microchip\xc8\v2.00\pic\include\pic18f4520.h"
   342                           INTCON3 equ 0FF0h ;# 
   343  0000                     # 6624 "C:\Program Files (x86)\Microchip\xc8\v2.00\pic\include\pic18f4520.h"
   344                           INTCON2 equ 0FF1h ;# 
   345  0000                     # 6694 "C:\Program Files (x86)\Microchip\xc8\v2.00\pic\include\pic18f4520.h"
   346                           INTCON equ 0FF2h ;# 
   347  0000                     # 6811 "C:\Program Files (x86)\Microchip\xc8\v2.00\pic\include\pic18f4520.h"
   348                           PROD equ 0FF3h ;# 
   349  0000                     # 6818 "C:\Program Files (x86)\Microchip\xc8\v2.00\pic\include\pic18f4520.h"
   350                           PRODL equ 0FF3h ;# 
   351  0000                     # 6825 "C:\Program Files (x86)\Microchip\xc8\v2.00\pic\include\pic18f4520.h"
   352                           PRODH equ 0FF4h ;# 
   353  0000                     # 6832 "C:\Program Files (x86)\Microchip\xc8\v2.00\pic\include\pic18f4520.h"
   354                           TABLAT equ 0FF5h ;# 
   355  0000                     # 6841 "C:\Program Files (x86)\Microchip\xc8\v2.00\pic\include\pic18f4520.h"
   356                           TBLPTR equ 0FF6h ;# 
   357  0000                     # 6848 "C:\Program Files (x86)\Microchip\xc8\v2.00\pic\include\pic18f4520.h"
   358                           TBLPTRL equ 0FF6h ;# 
   359  0000                     # 6855 "C:\Program Files (x86)\Microchip\xc8\v2.00\pic\include\pic18f4520.h"
   360                           TBLPTRH equ 0FF7h ;# 
   361  0000                     # 6862 "C:\Program Files (x86)\Microchip\xc8\v2.00\pic\include\pic18f4520.h"
   362                           TBLPTRU equ 0FF8h ;# 
   363  0000                     # 6871 "C:\Program Files (x86)\Microchip\xc8\v2.00\pic\include\pic18f4520.h"
   364                           PCLAT equ 0FF9h ;# 
   365  0000                     # 6878 "C:\Program Files (x86)\Microchip\xc8\v2.00\pic\include\pic18f4520.h"
   366                           PC equ 0FF9h ;# 
   367  0000                     # 6885 "C:\Program Files (x86)\Microchip\xc8\v2.00\pic\include\pic18f4520.h"
   368                           PCL equ 0FF9h ;# 
   369  0000                     # 6892 "C:\Program Files (x86)\Microchip\xc8\v2.00\pic\include\pic18f4520.h"
   370                           PCLATH equ 0FFAh ;# 
   371  0000                     # 6899 "C:\Program Files (x86)\Microchip\xc8\v2.00\pic\include\pic18f4520.h"
   372                           PCLATU equ 0FFBh ;# 
   373  0000                     # 6906 "C:\Program Files (x86)\Microchip\xc8\v2.00\pic\include\pic18f4520.h"
   374                           STKPTR equ 0FFCh ;# 
   375  0000                     # 6980 "C:\Program Files (x86)\Microchip\xc8\v2.00\pic\include\pic18f4520.h"
   376                           TOS equ 0FFDh ;# 
   377  0000                     # 6987 "C:\Program Files (x86)\Microchip\xc8\v2.00\pic\include\pic18f4520.h"
   378                           TOSL equ 0FFDh ;# 
   379  0000                     # 6994 "C:\Program Files (x86)\Microchip\xc8\v2.00\pic\include\pic18f4520.h"
   380                           TOSH equ 0FFEh ;# 
   381  0000                     # 7001 "C:\Program Files (x86)\Microchip\xc8\v2.00\pic\include\pic18f4520.h"
   382                           TOSU equ 0FFFh ;# 
   383  0000                     	FNCALL	_main,_PWM1_Duty
   384                           	FNCALL	_main,_PWM1_Init
   385                           	FNCALL	_main,_PWM1_Start
   386                           	FNROOT	_main
   387                           	global	_PWM1CONbits
   388                           _PWM1CONbits	set	0xFB7
   389  0000                     	global	_TRISDbits
   390                           _TRISDbits	set	0xF95
   391  0000                     	global	_TRISCbits
   392                           _TRISCbits	set	0xF94
   393  0000                     	global	_OSCCONbits
   394                           _OSCCONbits	set	0xFD3
   395  0000                     	global	_T2CONbits
   396                           _T2CONbits	set	0xFCA
   397  0000                     	global	_CCPR1L
   398                           _CCPR1L	set	0xFBE
   399  0000                     	global	_TRISAbits
   400                           _TRISAbits	set	0xF92
   401  0000                     	global	_CCP1CONbits
   402                           _CCP1CONbits	set	0xFBD
   403  0000                     	global	_TRISA
   404                           _TRISA	set	0xF92
   405  0000                     	global	_PR2
   406                           _PR2	set	0xFCB
   407  0000                     	global	_RD0
   408                           _RD0	set	0x7C18
   409  0000                     ; #config settings
   410                           global __CFG_OSC$INTIO67
   411                           __CFG_OSC$INTIO67 equ 0x0
   412  0000                     global __CFG_PWRT$OFF
   413                           __CFG_PWRT$OFF equ 0x0
   414  0000                     global __CFG_BOREN$ON
   415                           __CFG_BOREN$ON equ 0x0
   416  0000                     global __CFG_WDT$OFF
   417                           __CFG_WDT$OFF equ 0x0
   418  0000                     global __CFG_LVP$OFF
   419                           __CFG_LVP$OFF equ 0x0
   420  0000                     global __CFG_CPD$OFF
   421                           __CFG_CPD$OFF equ 0x0
   422  0000                     	file	"C:\Users\wayne\AppData\Local\Temp\scr8."
   423                           	line	#
   424                           psect	cinit,class=CODE,delta=1,reloc=2
   425                           global __pcinit
   426                           __pcinit:
   427  007EB6                     global start_initialization
   428                           start_initialization:
   429  007EB6                     
   430                           global __initialization
   431                           __initialization:
   432  007EB6                     psect cinit,class=CODE,delta=1
   433                           global end_of_initialization,__end_of__initialization
   434                           
   435                           ;End of C runtime variable initialization code
   436                           
   437                           end_of_initialization:
   438  007EB6                     __end_of__initialization:
   439  007EB6                     movlb 0
   440  007EB6  0100               goto _main	;jump to C main() function
   441  007EB8  EF87  F03F         psect	cstackCOMRAM,class=COMRAM,space=1,noexec
   442                           global __pcstackCOMRAM
   443                           __pcstackCOMRAM:
   444  000001                     ?_PWM1_Init:	; 1 bytes @ 0x0
   445  000001                     ?_PWM1_Duty:	; 1 bytes @ 0x0
   446  000001                     ?_PWM1_Start:	; 1 bytes @ 0x0
   447  000001                     ??_PWM1_Start:	; 1 bytes @ 0x0
   448  000001                     ?_main:	; 1 bytes @ 0x0
   449  000001                     	global	PWM1_Duty@duty
   450                           PWM1_Duty@duty:	; 2 bytes @ 0x0
   451  000001                     	global	PWM1_Init@setDuty
   452                           PWM1_Init@setDuty:	; 4 bytes @ 0x0
   453  000001                     	ds   2
   454  000001                     ??_PWM1_Duty:	; 1 bytes @ 0x2
   455  000003                     	ds   2
   456  000003                     ??_PWM1_Init:	; 1 bytes @ 0x4
   457  000005                     ??_main:	; 1 bytes @ 0x4
   458  000005                     	global	main@flag
   459                           main@flag:	; 2 bytes @ 0x4
   460  000005                     	ds   2
   461  000005                     	global	main@k
   462                           main@k:	; 2 bytes @ 0x6
   463  000007                     	ds   2
   464  000007                     	global	main@i
   465                           main@i:	; 2 bytes @ 0x8
   466  000009                     	ds   2
   467  000009                     	global	main@j
   468                           main@j:	; 2 bytes @ 0xA
   469  00000B                     	ds   2
   470  00000B                     ;!
   471                           ;!Data Sizes:
   472                           ;!    Strings     0
   473                           ;!    Constant    0
   474                           ;!    Data        0
   475                           ;!    BSS         0
   476                           ;!    Persistent  0
   477                           ;!    Stack       0
   478                           ;!
   479                           ;!Auto Spaces:
   480                           ;!    Space          Size  Autos    Used
   481                           ;!    COMRAM          127     12      12
   482                           ;!    BANK0           128      0       0
   483                           ;!    BANK1           256      0       0
   484                           ;!    BANK2           256      0       0
   485                           ;!    BANK3           256      0       0
   486                           ;!    BANK4           256      0       0
   487                           ;!    BANK5           256      0       0
   488                           
   489                           ;!
   490                           ;!Pointer List with Targets:
   491                           ;!
   492                           ;!    None.
   493                           
   494                           
   495                           ;!
   496                           ;!Critical Paths under _main in COMRAM
   497                           ;!
   498                           ;!    _main->_PWM1_Duty
   499                           ;!    _main->_PWM1_Init
   500                           ;!
   501                           ;!Critical Paths under _main in BANK0
   502                           ;!
   503                           ;!    None.
   504                           ;!
   505                           ;!Critical Paths under _main in BANK1
   506                           ;!
   507                           ;!    None.
   508                           ;!
   509                           ;!Critical Paths under _main in BANK2
   510                           ;!
   511                           ;!    None.
   512                           ;!
   513                           ;!Critical Paths under _main in BANK3
   514                           ;!
   515                           ;!    None.
   516                           ;!
   517                           ;!Critical Paths under _main in BANK4
   518                           ;!
   519                           ;!    None.
   520                           ;!
   521                           ;!Critical Paths under _main in BANK5
   522                           ;!
   523                           ;!    None.
   524                           
   525 ;;
   526 ;;Main: autosize = 0, tempsize = 0, incstack = 0, save=0
   527 ;;
   528                           
   529                           ;!
   530                           ;!Call Graph Tables:
   531                           ;!
   532                           ;! ---------------------------------------------------------------------------------
   533                           ;! (Depth) Function   	        Calls       Base Space   Used Autos Params    Refs
   534                           ;! ---------------------------------------------------------------------------------
   535                           ;! (0) _main                                                 8     8      0     390
   536                           ;!                                              4 COMRAM     8     8      0
   537                           ;!                          _PWM1_Duty
   538                           ;!                          _PWM1_Init
   539                           ;!                         _PWM1_Start
   540                           ;! ---------------------------------------------------------------------------------
   541                           ;! (1) _PWM1_Start                                           0     0      0       0
   542                           ;! ---------------------------------------------------------------------------------
   543                           ;! (1) _PWM1_Init                                            4     0      4      98
   544                           ;!                                              0 COMRAM     4     0      4
   545                           ;! ---------------------------------------------------------------------------------
   546                           ;! (1) _PWM1_Duty                                            4     2      2     196
   547                           ;!                                              0 COMRAM     4     2      2
   548                           ;! ---------------------------------------------------------------------------------
   549                           ;! Estimated maximum stack depth 1
   550                           ;! ---------------------------------------------------------------------------------
   551                           ;!
   552                           ;! Call Graph Graphs:
   553                           ;!
   554                           ;! _main (ROOT)
   555                           ;!   _PWM1_Duty
   556                           ;!   _PWM1_Init
   557                           ;!   _PWM1_Start
   558                           ;!
   559                           
   560                           ;! Address spaces:
   561                           
   562                           ;!Name               Size   Autos  Total    Cost      Usage
   563                           ;!BITCOMRAM           7F      0       0       0        0.0%
   564                           ;!EEDATA             100      0       0       0        0.0%
   565                           ;!NULL                 0      0       0       0        0.0%
   566                           ;!CODE                 0      0       0       0        0.0%
   567                           ;!COMRAM              7F      C       C       1        9.4%
   568                           ;!STACK                0      0       0       2        0.0%
   569                           ;!DATA                 0      0       0       3        0.0%
   570                           ;!BITBANK0            80      0       0       4        0.0%
   571                           ;!BANK0               80      0       0       5        0.0%
   572                           ;!BITBANK1           100      0       0       6        0.0%
   573                           ;!BANK1              100      0       0       7        0.0%
   574                           ;!BITBANK2           100      0       0       8        0.0%
   575                           ;!BANK2              100      0       0       9        0.0%
   576                           ;!BITBANK3           100      0       0      10        0.0%
   577                           ;!BANK3              100      0       0      11        0.0%
   578                           ;!BITBANK4           100      0       0      12        0.0%
   579                           ;!BANK4              100      0       0      13        0.0%
   580                           ;!BANK5              100      0       0      14        0.0%
   581                           ;!ABS                  0      0       0      15        0.0%
   582                           ;!BITBANK5           100      0       0      16        0.0%
   583                           ;!BIGRAM             5FF      0       0      17        0.0%
   584                           ;!BITSFR               0      0       0     200        0.0%
   585                           ;!SFR                  0      0       0     200        0.0%
   586                           
   587                           	global	_main
   588                           
   589 ;; *************** function _main *****************
   590 ;; Defined at:
   591 ;;		line 76 in file "motor2.c"
   592 ;; Parameters:    Size  Location     Type
   593 ;;		None
   594 ;; Auto vars:     Size  Location     Type
   595 ;;  j               2   10[COMRAM] int 
   596 ;;  i               2    8[COMRAM] int 
   597 ;;  k               2    6[COMRAM] int 
   598 ;;  flag            2    4[COMRAM] int 
   599 ;; Return value:  Size  Location     Type
   600 ;;                  1    wreg      void 
   601 ;; Registers used:
   602 ;;		wreg, status,2, status,0, cstack
   603 ;; Tracked objects:
   604 ;;		On entry : 0/0
   605 ;;		On exit  : 0/0
   606 ;;		Unchanged: 0/0
   607 ;; Data sizes:     COMRAM   BANK0   BANK1   BANK2   BANK3   BANK4   BANK5
   608 ;;      Params:         0       0       0       0       0       0       0
   609 ;;      Locals:         8       0       0       0       0       0       0
   610 ;;      Temps:          0       0       0       0       0       0       0
   611 ;;      Totals:         8       0       0       0       0       0       0
   612 ;;Total ram usage:        8 bytes
   613 ;; Hardware stack levels required when called:    1
   614 ;; This function calls:
   615 ;;		_PWM1_Duty
   616 ;;		_PWM1_Init
   617 ;;		_PWM1_Start
   618 ;; This function is called by:
   619 ;;		Startup code after reset
   620 ;; This function uses a non-reentrant model
   621 ;;
   622                           psect	text0,class=CODE,space=0,reloc=2,group=0
   623                           	file	"motor2.c"
   624                           	line	76
   625                           global __ptext0
   626                           __ptext0:
   627  007F0E                     psect	text0
   628                           	file	"motor2.c"
   629                           	line	76
   630                           	global	__size_of_main
   631                           	__size_of_main	equ	__end_of_main-_main
   632  0000                     	
   633                           _main:
   634  007F0E                     ;incstack = 0
   635                           	opt	stack 30
   636                           	line	78
   637                           	
   638                           l771:
   639  007F0E                     ;motor2.c: 78:     }
   640                           	movlw	low(09Bh)
   641  007F0E  0E9B               	movwf	((c:PWM1_Init@setDuty)),c
   642  007F10  6E01               	movlw	high(09Bh)
   643  007F12  0E00               	movwf	((c:PWM1_Init@setDuty+1)),c
   644  007F14  6E02               	movlw	low highword(09Bh)
   645  007F16  0E00               	movwf	((c:PWM1_Init@setDuty+2)),c
   646  007F18  6E03               	movlw	high highword(09Bh)
   647  007F1A  0E00               	movwf	((c:PWM1_Init@setDuty+3)),c
   648  007F1C  6E04               	call	_PWM1_Init	;wreg free
   649  007F1E  EC58  F03F         	line	79
   650                           	
   651                           l773:
   652  007F22                     ;motor2.c: 79: }
   653                           	call	_PWM1_Start	;wreg free
   654  007F22  EC5E  F03F         	line	80
   655                           	movlw	high(0)
   656  007F26  0E00               	movwf	((c:main@i+1)),c
   657  007F28  6E0A               	movlw	low(0)
   658  007F2A  0E00               	movwf	((c:main@i)),c
   659  007F2C  6E09               	movlw	high(0)
   660  007F2E  0E00               	movwf	((c:main@j+1)),c
   661  007F30  6E0C               	movlw	low(0)
   662  007F32  0E00               	movwf	((c:main@j)),c
   663  007F34  6E0B               	movlw	high(0)
   664  007F36  0E00               	movwf	((c:main@flag+1)),c
   665  007F38  6E06               	movlw	low(0)
   666  007F3A  0E00               	movwf	((c:main@flag)),c
   667  007F3C  6E05               	line	82
   668                           	
   669                           l775:
   670  007F3E                     	bsf	((c:3989)),c,0	;volatile
   671  007F3E  8095               	line	84
   672                           	movlw	high(0)
   673  007F40  0E00               	movwf	((c:main@k+1)),c
   674  007F42  6E08               	movlw	low(0)
   675  007F44  0E00               	movwf	((c:main@k)),c
   676  007F46  6E07               	goto	l777
   677  007F48  EFA6  F03F         	line	85
   678                           	
   679                           l39:
   680  007F4C                     	line	87
   681                           	
   682                           l777:
   683  007F4C                     	btfsc	c:(31768/8),(31768)&7	;volatile
   684  007F4C  B083               	goto	u91
   685  007F4E  EFAB  F03F         	goto	u90
   686  007F52  EFAD  F03F         u91:
   687  007F56                     	goto	l797
   688  007F56  EFF2  F03F         u90:
   689  007F5A                     	line	89
   690                           	
   691                           l779:
   692  007F5A                     	movlw	low(01h)
   693  007F5A  0E01               	addwf	((c:main@i)),c,w
   694  007F5C  2409               	movwf	((c:main@i)),c
   695  007F5E  6E09               	movlw	high(01h)
   696  007F60  0E00               	addwfc	((c:main@i+1)),c,w
   697  007F62  200A               	movwf	1+((c:main@i)),c
   698  007F64  6E0A               	line	90
   699                           	
   700                           l781:
   701  007F66                     	movlw	high(05h)
   702  007F66  0E00               	movwf	((c:PWM1_Duty@duty+1)),c
   703  007F68  6E02               	movlw	low(05h)
   704  007F6A  0E05               	movwf	((c:PWM1_Duty@duty)),c
   705  007F6C  6E01               	call	_PWM1_Duty	;wreg free
   706  007F6E  EC6E  F03F         	line	91
   707                           	
   708                           l783:
   709  007F72                     	movlw	high(0)
   710  007F72  0E00               	movwf	((c:main@j+1)),c
   711  007F74  6E0C               	movlw	low(0)
   712  007F76  0E00               	movwf	((c:main@j)),c
   713  007F78  6E0B               	
   714                           l785:
   715  007F7A                     	btfsc	((c:main@j+1)),c,7
   716  007F7A  BE0C               	goto	u101
   717  007F7C  EFC9  F03F         	movf	((c:main@j+1)),c,w
   718  007F80  500C               	bnz	u100
   719  007F82  E109               	movlw	200
   720  007F84  0EC8               	subwf	 ((c:main@j)),c,w
   721  007F86  5C0B               	btfss	status,0
   722  007F88  A0D8               	goto	u101
   723  007F8A  EFC9  F03F         	goto	u100
   724  007F8E  EFCB  F03F         
   725                           u101:
   726  007F92                     	goto	l789
   727  007F92  EFCF  F03F         u100:
   728  007F96                     	goto	l793
   729  007F96  EFE1  F03F         	
   730                           l787:
   731  007F9A                     	goto	l793
   732  007F9A  EFE1  F03F         	
   733                           l41:
   734  007F9E                     	
   735                           l789:
   736  007F9E                     	infsnz	((c:main@j)),c
   737  007F9E  4A0B               	incf	((c:main@j+1)),c
   738  007FA0  2A0C               	
   739                           l791:
   740  007FA2                     	btfsc	((c:main@j+1)),c,7
   741  007FA2  BE0C               	goto	u111
   742  007FA4  EFDD  F03F         	movf	((c:main@j+1)),c,w
   743  007FA8  500C               	bnz	u110
   744  007FAA  E109               	movlw	200
   745  007FAC  0EC8               	subwf	 ((c:main@j)),c,w
   746  007FAE  5C0B               	btfss	status,0
   747  007FB0  A0D8               	goto	u111
   748  007FB2  EFDD  F03F         	goto	u110
   749  007FB6  EFDF  F03F         
   750                           u111:
   751  007FBA                     	goto	l789
   752  007FBA  EFCF  F03F         u110:
   753  007FBE                     	goto	l793
   754  007FBE  EFE1  F03F         	
   755                           l42:
   756  007FC2                     	line	92
   757                           	
   758                           l793:
   759  007FC2                     		incf	((c:main@i)),c,w
   760  007FC2  2809               iorwf	((c:main@i+1)),c,w
   761  007FC4  100A               	btfss	status,2
   762  007FC6  A4D8               	goto	u121
   763  007FC8  EFE8  F03F         	goto	u120
   764  007FCC  EFEA  F03F         
   765                           u121:
   766  007FD0                     	goto	l777
   767  007FD0  EFA6  F03F         u120:
   768  007FD4                     	line	93
   769                           	
   770                           l795:
   771  007FD4                     	movlw	high(0)
   772  007FD4  0E00               	movwf	((c:main@i+1)),c
   773  007FD6  6E0A               	movlw	low(0)
   774  007FD8  0E00               	movwf	((c:main@i)),c
   775  007FDA  6E09               	goto	l777
   776  007FDC  EFA6  F03F         	
   777                           l43:
   778  007FE0                     	line	94
   779                           	goto	l777
   780  007FE0  EFA6  F03F         	line	95
   781                           	
   782                           l40:
   783  007FE4                     	line	96
   784                           	
   785                           l797:
   786  007FE4                     	movlw	high(0)
   787  007FE4  0E00               	movwf	((c:PWM1_Duty@duty+1)),c
   788  007FE6  6E02               	movlw	low(0)
   789  007FE8  0E00               	movwf	((c:PWM1_Duty@duty)),c
   790  007FEA  6E01               	call	_PWM1_Duty	;wreg free
   791  007FEC  EC6E  F03F         	goto	l777
   792  007FF0  EFA6  F03F         	
   793                           l44:
   794  007FF4                     	goto	l777
   795  007FF4  EFA6  F03F         	line	97
   796                           	
   797                           l45:
   798  007FF8                     	goto	l777
   799  007FF8  EFA6  F03F         	
   800                           l46:
   801  007FFC                     	line	98
   802                           	
   803                           l47:
   804  007FFC                     	global	start
   805                           	goto	start
   806  007FFC  EF00  F000         	opt stack 0
   807                           GLOBAL	__end_of_main
   808                           	__end_of_main:
   809  008000                     	signat	_main,89
   810                           	global	_PWM1_Start
   811                           
   812 ;; *************** function _PWM1_Start *****************
   813 ;; Defined at:
   814 ;;		line 50 in file "motor2.c"
   815 ;; Parameters:    Size  Location     Type
   816 ;;		None
   817 ;; Auto vars:     Size  Location     Type
   818 ;;		None
   819 ;; Return value:  Size  Location     Type
   820 ;;                  1    wreg      void 
   821 ;; Registers used:
   822 ;;		None
   823 ;; Tracked objects:
   824 ;;		On entry : 0/0
   825 ;;		On exit  : 0/0
   826 ;;		Unchanged: 0/0
   827 ;; Data sizes:     COMRAM   BANK0   BANK1   BANK2   BANK3   BANK4   BANK5
   828 ;;      Params:         0       0       0       0       0       0       0
   829 ;;      Locals:         0       0       0       0       0       0       0
   830 ;;      Temps:          0       0       0       0       0       0       0
   831 ;;      Totals:         0       0       0       0       0       0       0
   832 ;;Total ram usage:        0 bytes
   833 ;; Hardware stack levels used:    1
   834 ;; This function calls:
   835 ;;		Nothing
   836 ;; This function is called by:
   837 ;;		_main
   838 ;; This function uses a non-reentrant model
   839 ;;
   840                           psect	text1,class=CODE,space=0,reloc=2,group=0
   841                           	line	50
   842                           global __ptext1
   843                           __ptext1:
   844  007EBC                     psect	text1
   845                           	file	"motor2.c"
   846                           	line	50
   847                           	global	__size_of_PWM1_Start
   848                           	__size_of_PWM1_Start	equ	__end_of_PWM1_Start-_PWM1_Start
   849  0000                     	
   850                           _PWM1_Start:
   851  007EBC                     ;incstack = 0
   852                           	opt	stack 30
   853                           	line	53
   854                           	
   855                           l729:
   856  007EBC                     ;motor2.c: 53:         PWM1CONbits.PRSEN = 1;
   857                           	bcf	((c:4029)),c,0	;volatile
   858  007EBC  90BD               	line	54
   859                           ;motor2.c: 54: 
   860                           	bcf	((c:4029)),c,1	;volatile
   861  007EBE  92BD               	line	55
   862                           ;motor2.c: 55: }
   863                           	bsf	((c:4029)),c,2	;volatile
   864  007EC0  84BD               	line	56
   865                           ;motor2.c: 56: 
   866                           	bsf	((c:4029)),c,3	;volatile
   867  007EC2  86BD               	line	58
   868                           ;motor2.c: 58: {
   869                           	bsf	((c:4042)),c,2	;volatile
   870  007EC4  84CA               	line	60
   871                           ;motor2.c: 60:     PWM1_Start();
   872                           	bcf	((c:4051)),c,4	;volatile
   873  007EC6  98D3               	line	61
   874                           ;motor2.c: 61:     int i = 0, j = 0, flag = 0;
   875                           	bsf	((c:4051)),c,5	;volatile
   876  007EC8  8AD3               	line	62
   877                           ;motor2.c: 62: 
   878                           	bsf	((c:4051)),c,6	;volatile
   879  007ECA  8CD3               	line	64
   880                           ;motor2.c: 64: 
   881                           	bcf	((c:3988)),c,2	;volatile
   882  007ECC  9494               	line	65
   883                           ;motor2.c: 65:     int k = 0;
   884                           	bcf	((c:3989)),c,7	;volatile
   885  007ECE  9E95               	line	66
   886                           ;motor2.c: 66:     while(1)
   887                           	bcf	((c:3989)),c,6	;volatile
   888  007ED0  9C95               	line	67
   889                           ;motor2.c: 67:     {
   890                           	bcf	((c:3989)),c,5	;volatile
   891  007ED2  9A95               	line	69
   892                           ;motor2.c: 69:         {
   893                           	bcf	((c:4042)),c,0	;volatile
   894  007ED4  90CA               	line	70
   895                           ;motor2.c: 70:                 i=i+1;
   896                           	bsf	((c:4042)),c,1	;volatile
   897  007ED6  82CA               	line	72
   898                           ;motor2.c: 72:                 for(j = 0;j < 200;j++);
   899                           	bsf	((c:4023)),c,7	;volatile
   900  007ED8  8EB7               	line	74
   901                           	
   902                           l34:
   903  007EDA                     	return	;funcret
   904  007EDA  0012               	opt stack 0
   905                           GLOBAL	__end_of_PWM1_Start
   906                           	__end_of_PWM1_Start:
   907  007EDC                     	signat	_PWM1_Start,89
   908                           	global	_PWM1_Init
   909                           
   910 ;; *************** function _PWM1_Init *****************
   911 ;; Defined at:
   912 ;;		line 23 in file "motor2.c"
   913 ;; Parameters:    Size  Location     Type
   914 ;;  setDuty         4    0[COMRAM] long 
   915 ;; Auto vars:     Size  Location     Type
   916 ;;		None
   917 ;; Return value:  Size  Location     Type
   918 ;;                  1    wreg      void 
   919 ;; Registers used:
   920 ;;		None
   921 ;; Tracked objects:
   922 ;;		On entry : 0/0
   923 ;;		On exit  : 0/0
   924 ;;		Unchanged: 0/0
   925 ;; Data sizes:     COMRAM   BANK0   BANK1   BANK2   BANK3   BANK4   BANK5
   926 ;;      Params:         4       0       0       0       0       0       0
   927 ;;      Locals:         0       0       0       0       0       0       0
   928 ;;      Temps:          0       0       0       0       0       0       0
   929 ;;      Totals:         4       0       0       0       0       0       0
   930 ;;Total ram usage:        4 bytes
   931 ;; Hardware stack levels used:    1
   932 ;; This function calls:
   933 ;;		Nothing
   934 ;; This function is called by:
   935 ;;		_main
   936 ;; This function uses a non-reentrant model
   937 ;;
   938                           psect	text2,class=CODE,space=0,reloc=2,group=0
   939                           	line	23
   940                           global __ptext2
   941                           __ptext2:
   942  007EB0                     psect	text2
   943                           	file	"motor2.c"
   944                           	line	23
   945                           	global	__size_of_PWM1_Init
   946                           	__size_of_PWM1_Init	equ	__end_of_PWM1_Init-_PWM1_Init
   947  0000                     	
   948                           _PWM1_Init:
   949  007EB0                     ;incstack = 0
   950                           	opt	stack 30
   951                           	line	25
   952                           	
   953                           l765:
   954  007EB0                     ;motor2.c: 23: ;motor2.c: 24: void PWM1_Duty2();motor2.c: 25: {
   955                           	movff	(c:PWM1_Init@setDuty),(c:4043)	;volatile
   956  007EB0  C001  FFCB         	line	28
   957                           	
   958                           l25:
   959  007EB4                     	return	;funcret
   960  007EB4  0012               	opt stack 0
   961                           GLOBAL	__end_of_PWM1_Init
   962                           	__end_of_PWM1_Init:
   963  007EB6                     	signat	_PWM1_Init,4217
   964                           	global	_PWM1_Duty
   965                           
   966 ;; *************** function _PWM1_Duty *****************
   967 ;; Defined at:
   968 ;;		line 30 in file "motor2.c"
   969 ;; Parameters:    Size  Location     Type
   970 ;;  duty            2    0[COMRAM] int 
   971 ;; Auto vars:     Size  Location     Type
   972 ;;		None
   973 ;; Return value:  Size  Location     Type
   974 ;;                  1    wreg      void 
   975 ;; Registers used:
   976 ;;		wreg, status,2, status,0
   977 ;; Tracked objects:
   978 ;;		On entry : 0/0
   979 ;;		On exit  : 0/0
   980 ;;		Unchanged: 0/0
   981 ;; Data sizes:     COMRAM   BANK0   BANK1   BANK2   BANK3   BANK4   BANK5
   982 ;;      Params:         2       0       0       0       0       0       0
   983 ;;      Locals:         0       0       0       0       0       0       0
   984 ;;      Temps:          2       0       0       0       0       0       0
   985 ;;      Totals:         4       0       0       0       0       0       0
   986 ;;Total ram usage:        4 bytes
   987 ;; Hardware stack levels used:    1
   988 ;; This function calls:
   989 ;;		Nothing
   990 ;; This function is called by:
   991 ;;		_main
   992 ;; This function uses a non-reentrant model
   993 ;;
   994                           psect	text3,class=CODE,space=0,reloc=2,group=0
   995                           	line	30
   996                           global __ptext3
   997                           __ptext3:
   998  007EDC                     psect	text3
   999                           	file	"motor2.c"
  1000                           	line	30
  1001                           	global	__size_of_PWM1_Duty
  1002                           	__size_of_PWM1_Duty	equ	__end_of_PWM1_Duty-_PWM1_Duty
  1003  0000                     	
  1004                           _PWM1_Duty:
  1005  007EDC                     ;incstack = 0
  1006                           	opt	stack 30
  1007                           	line	33
  1008                           	
  1009                           l767:
  1010  007EDC                     ;motor2.c: 30: ;motor2.c: 31: void PWM1_Start();motor2.c: 33: 
  1011                           	movff	(c:PWM1_Duty@duty),(c:3986)	;volatile
  1012  007EDC  C001  FF92         	line	34
  1013                           ;motor2.c: 34:     CCP1CONbits.CCP1M0 = 0;
  1014                           	btfss	((c:3986)),c,1	;volatile
  1015  007EE0  A292               	bra	u75
  1016  007EE2  D002               	bsf	((c:4029)),c,5	;volatile
  1017  007EE4  8ABD               	bra	u77
  1018  007EE6  D001               	u75:	
  1019  007EE8                     	bcf	((c:4029)),c,5	;volatile
  1020  007EE8  9ABD               	u77:
  1021  007EEA                     	line	35
  1022                           ;motor2.c: 35:     CCP1CONbits.CCP1M1 = 0;
  1023                           	btfss	((c:3986)),c,0	;volatile
  1024  007EEA  A092               	bra	u85
  1025  007EEC  D002               	bsf	((c:4029)),c,4	;volatile
  1026  007EEE  88BD               	bra	u87
  1027  007EF0  D001               	u85:	
  1028  007EF2                     	bcf	((c:4029)),c,4	;volatile
  1029  007EF2  98BD               	u87:
  1030  007EF4                     	line	38
  1031                           	
  1032                           l769:
  1033  007EF4                     ;motor2.c: 38: 
  1034                           	movff	(c:PWM1_Duty@duty),??_PWM1_Duty+0+0
  1035  007EF4  C001  F003         	movff	(c:PWM1_Duty@duty+1),??_PWM1_Duty+0+0+1
  1036  007EF8  C002  F004         	rlcf	(??_PWM1_Duty+0+1),c,w
  1037  007EFC  3404               	rrcf	(??_PWM1_Duty+0+1),c
  1038  007EFE  3204               	rrcf	(??_PWM1_Duty+0+0),c
  1039  007F00  3203               	rlcf	(??_PWM1_Duty+0+1),c,w
  1040  007F02  3404               	rrcf	(??_PWM1_Duty+0+1),c
  1041  007F04  3204               	rrcf	(??_PWM1_Duty+0+0),c
  1042  007F06  3203               	movf	(??_PWM1_Duty+0+0),c,w
  1043  007F08  5003               	movwf	((c:4030)),c	;volatile
  1044  007F0A  6EBE               	line	41
  1045                           	
  1046                           l28:
  1047  007F0C                     	return	;funcret
  1048  007F0C  0012               	opt stack 0
  1049                           GLOBAL	__end_of_PWM1_Duty
  1050                           	__end_of_PWM1_Duty:
  1051  007F0E                     	signat	_PWM1_Duty,4217
  1052                           	GLOBAL	__activetblptr
  1053                           __activetblptr	EQU	0
  1054  0000                     	psect	intsave_regs,class=BIGRAM,space=1,noexec
  1055                           	PSECT	rparam,class=COMRAM,space=1,noexec
  1056                           	GLOBAL	__Lrparam
  1057                           	FNCONF	rparam,??,?
  1058                           	GLOBAL	___rparam_used
  1059                           	___rparam_used EQU 1
  1060  0000                     	GLOBAL	___param_bank
  1061                           	___param_bank EQU 0
  1062  0000                     GLOBAL	__Lparam, __Hparam
  1063                           GLOBAL	__Lrparam, __Hrparam
  1064                           __Lparam	EQU	__Lrparam
  1065  0000                     __Hparam	EQU	__Hrparam
  1066  0000                     	end


Data Sizes:
    Strings     0
    Constant    0
    Data        0
    BSS         0
    Persistent  0
    Stack       0

Auto Spaces:
    Space          Size  Autos    Used
    COMRAM          127     12      12
    BANK0           128      0       0
    BANK1           256      0       0
    BANK2           256      0       0
    BANK3           256      0       0
    BANK4           256      0       0
    BANK5           256      0       0

Pointer List with Targets:

    None.

Critical Paths under _main in COMRAM

    _main->_PWM1_Duty
    _main->_PWM1_Init

Critical Paths under _main in BANK0

    None.

Critical Paths under _main in BANK1

    None.

Critical Paths under _main in BANK2

    None.

Critical Paths under _main in BANK3

    None.

Critical Paths under _main in BANK4

    None.

Critical Paths under _main in BANK5

    None.

Call Graph Tables:

 ---------------------------------------------------------------------------------
 (Depth) Function   	        Calls       Base Space   Used Autos Params    Refs
 ---------------------------------------------------------------------------------
 (0) _main                                                 8     8      0     390
                                              4 COMRAM     8     8      0
                          _PWM1_Duty
                          _PWM1_Init
                         _PWM1_Start
 ---------------------------------------------------------------------------------
 (1) _PWM1_Start                                           0     0      0       0
 ---------------------------------------------------------------------------------
 (1) _PWM1_Init                                            4     0      4      98
                                              0 COMRAM     4     0      4
 ---------------------------------------------------------------------------------
 (1) _PWM1_Duty                                            4     2      2     196
                                              0 COMRAM     4     2      2
 ---------------------------------------------------------------------------------
 Estimated maximum stack depth 1
 ---------------------------------------------------------------------------------

 Call Graph Graphs:

 _main (ROOT)
   _PWM1_Duty
   _PWM1_Init
   _PWM1_Start

 Address spaces:
Name               Size   Autos  Total    Cost      Usage
BITCOMRAM           7F      0       0       0        0.0%
EEDATA             100      0       0       0        0.0%
NULL                 0      0       0       0        0.0%
CODE                 0      0       0       0        0.0%
COMRAM              7F      C       C       1        9.4%
STACK                0      0       0       2        0.0%
DATA                 0      0       0       3        0.0%
BITBANK0            80      0       0       4        0.0%
BANK0               80      0       0       5        0.0%
BITBANK1           100      0       0       6        0.0%
BANK1              100      0       0       7        0.0%
BITBANK2           100      0       0       8        0.0%
BANK2              100      0       0       9        0.0%
BITBANK3           100      0       0      10        0.0%
BANK3              100      0       0      11        0.0%
BITBANK4           100      0       0      12        0.0%
BANK4              100      0       0      13        0.0%
BANK5              100      0       0      14        0.0%
ABS                  0      0       0      15        0.0%
BITBANK5           100      0       0      16        0.0%
BIGRAM             5FF      0       0      17        0.0%
BITSFR               0      0       0     200        0.0%
SFR                  0      0       0     200        0.0%


Microchip Technology PIC18 Macro Assembler V2.00 build -1524193055 
Symbol Table                                                                                   Mon Dec 31 12:35:26 2018

                     l40 7FE4                       l25 7EB4                       l41 7F9E  
                     l34 7EDA                       l42 7FC2                       l43 7FE0  
                     l28 7F0C                       l44 7FF4                       l45 7FF8  
                     l46 7FFC                       l47 7FFC                       l39 7F4C  
                     u90 7F5A                       u75 7EE8                       u91 7F56  
                     u85 7EF2                       u77 7EEA                       u87 7EF4  
                    l729 7EBC                      l771 7F0E                      l765 7EB0  
                    l781 7F66                      l773 7F22                      l767 7EDC  
                    l791 7FA2                      l783 7F72                      l775 7F3E  
                    l769 7EF4                      l793 7FC2                      l785 7F7A  
                    l777 7F4C                      l795 7FD4                      l787 7F9A  
                    l779 7F5A                      l789 7F9E                      l797 7FE4  
                    _RD0 007C18                      u100 7F96                      u101 7F92  
                    u110 7FBE                      u111 7FBA                      u120 7FD4  
                    u121 7FD0                      _PR2 000FCB             __CFG_CPD$OFF 000000  
           __CFG_LVP$OFF 000000             __CFG_WDT$OFF 000000                     _main 7F0E  
          __CFG_BOREN$ON 000000                     start 0000             ___param_bank 000000  
                  ?_main 0001                    _TRISA 000F92            __CFG_PWRT$OFF 000000  
     __size_of_PWM1_Init 0006       __size_of_PWM1_Duty 0032              ?_PWM1_Start 0001  
                  main@i 0009                    main@j 000B                    main@k 0007  
                  status 000FD8          __initialization 7EB6             __end_of_main 8000  
                 ??_main 0005            __activetblptr 000000                   _CCPR1L 000FBE  
      __end_of_PWM1_Init 7EB6        __end_of_PWM1_Duty 7F0E      __size_of_PWM1_Start 0020  
             __accesstop 0080  __end_of__initialization 7EB6            ___rparam_used 000001  
         __pcstackCOMRAM 0001             ??_PWM1_Start 0001                  __Hparam 0000  
                __Lparam 0000       __end_of_PWM1_Start 7EDC                  __pcinit 7EB6  
                __ramtop 0600                  __ptext0 7F0E                  __ptext1 7EBC  
                __ptext2 7EB0                  __ptext3 7EDC                _T2CONbits 000FCA  
   end_of_initialization 7EB6                _PWM1_Init 7EB0                _PWM1_Duty 7EDC  
              _TRISAbits 000F92                _TRISCbits 000F94                _TRISDbits 000F95  
            _CCP1CONbits 000FBD               ?_PWM1_Init 0001               ?_PWM1_Duty 0001  
    start_initialization 7EB6         __CFG_OSC$INTIO67 000000              ??_PWM1_Init 0005  
            ??_PWM1_Duty 0003            PWM1_Duty@duty 0001                 __Hrparam 0000  
       PWM1_Init@setDuty 0001                 __Lrparam 0000            __size_of_main 00F2  
               main@flag 0005              _PWM1CONbits 000FB7               _OSCCONbits 000FD3  
             _PWM1_Start 7EBC  
